1
 This is rank 0
 Which output streams do you want?
 Enter a mask for streams 1 through 7
 E.g. 1,0,1,0,0,0,0 means streams 1 and 3, but not 2, 4, 5, 6, 7
Enter initial temperature (K): Restart (y/n)? : Restart at midpoint (y/n)? : Number of starting slice(s): (1 number for no MH, 2 - fine and coarse -- for MH) Pre Nbody
Files with redshifts(fine, coarse): (minihalo-relevant redshifts, N-body redshifts) Post Nbody
 check Nzdata          68         210
 check zred -0.90000000000000002        20.000000000000000        30.0000000       27.8999996       26.1240005       24.5970001       23.2679996       22.1000004       21.0620003       20.1340008       19.2980003       18.5400009       17.8479996       17.2150002       16.6329994       16.0949993       15.5959997       15.1320000       14.6990004       14.2939997       13.9139996       13.5570002       13.2209997       12.9029999       12.6029997       12.3179998       12.0480003       11.7910004       11.5459995       11.3129997       11.0900002       10.8769999       10.6730003       10.4779997       10.2900000       10.1099997       9.93799973       9.77099991       9.61100006       9.45699978       9.30799961       9.16399956       9.02600002       8.89200020       8.76200008       8.63599968       8.51500034       8.39700031       8.28299999       8.17199993       8.06400013       7.96000004       7.85900021       7.76000023       7.66400003       7.57000017       7.48000002       7.39099979       7.30499983       7.22100019       7.13899994       7.05900002       6.98099995       6.90500021       6.82999992       6.75699997       6.68599987       6.61700010       6.54899979       6.48299980    
 .................
          68         210   30.0000000       6.48299980     -0.90000000000000002        20.000000000000000     
UV Luminosity recipe (0,1,2): Enter number of time steps between slices: Enter number of outputs between slices:  mesh(1),mesh(2),mesh(3)         125         125         125
 Size in X-direction =          125
 Size in Y-direction =          125
 Size in Z-direction =          125
 -------------------------------------
 Doing redshift:    30.000000000000000       to    27.899999999999999     
 -------------------------------------
 calling source
 sourcelistfile../sources/30.000-coarsened_sources.dat                                                                                                                                                                                                                                                                                                                                                                                                                                                                                         
 inside establish_number_of_active_sources
 restart           0
 ios=           0
 NumSrc0           1
 source props read. numsrc:           1
 calling dens_ini zred, nz, nz0   30.000000000000000                1           1
 finishing dens_ini
 before agrid_prop, jlw(1,1,1)   0.0000000000000000     
 Inside AGrid_properties
 zred_now,  densNDcrit   30.000000000000000        0.0000000000000000     
 zred, densNDcrit   30.000000000000000        1.2381505003664504     
 almost final
 Number of active subgrids:       64479
 Total active stellar mass in subgrids, in solar mass:   1622904770.9565344     
 Sanity check: fesc00 =   0.20833332836627960     
 Sanity check: fesc01 =   0.20000000000000001     
 Sanity check: fesc_sub =    1.0096969696969698     
 n_pastslice, nz_lwbegin           1           1
 m1,m2,m3         125         125         125
 after get_jLW, jlw(1,1,1)   2.0798395674534046E-024
 BOTH SUBSOURCES exist       64480
           1  sources have mass > 10^8 Msun
       64479  grids(!) have mass < 10^8 Msun
 sources merged
 niter           1
 ............
 sim_time, output_time   1.9202905857184884        1.9202905857184884     
 .............
 output redshift   29.623621893148460     
 .............
 actual_dt   1.9202905857184884     
 before output
 after output
 niter           1
 ............
 sim_time, output_time   3.8405811714369769        3.8405811714369769     
 .............
 output redshift   29.258463782982705     
 .............
 actual_dt   1.9202905857184884     
 before output
 after output
 niter           1
 ............
 sim_time, output_time   5.7608717571554653        5.7608717571554653     
 .............
 output redshift   28.903999911907711     
 .............
 actual_dt   1.9202905857184882     
 before output
 after output
 niter           1
 ............
 sim_time, output_time   7.6811623428739537        7.6811623428739537     
 .............
 output redshift   28.559737812764002     
 .............
 actual_dt   1.9202905857184884     
 before output
 after output
 niter           1
 ............
 sim_time, output_time   9.6014529285924421        9.6014529285924421     
 .............
 output redshift   28.225215671546074     
 .............
 actual_dt   1.9202905857184884     
 before output
 after output
 niter           1
 ............
 sim_time, output_time   11.521743514310931        11.521743514310931     
 .............
 output redshift   27.899999939584490     
 .............
 actual_dt   1.9202905857184878     
 before output
 after output
 inner loop finished
 photcons_flag:           0
 -------------------------------------
 Doing redshift:    27.899999999999999       to    26.123999999999999     
 -------------------------------------
 calling source
 calling dens_ini zred, nz, nz0   27.899999999999999                2           1
 finishing dens_ini
 before agrid_prop, jlw(1,1,1)   2.0798395674534046E-024
 Inside AGrid_properties
 zred_now,  densNDcrit   27.899999999999999        1.2381505003664504     
 zred, densNDcrit   27.899999999999999        1.0135831333340657     
 almost final
 Number of active subgrids:      777625
 Total active stellar mass in subgrids, in solar mass:   6135171227.0341244     
 Sanity check: fesc00 =   0.20833332836627960     
 Sanity check: fesc01 =   0.20000000000000001     
 Sanity check: fesc_sub =    1.0096969696969698     
 n_pastslice, nz_lwbegin           1           2
 m1,m2,m3         125         125         125
 after get_jLW, jlw(1,1,1)   8.8215940934619712E-024
 BOTH SUBSOURCES exist      842105
       64480  sources have mass > 10^8 Msun
      777625  grids(!) have mass < 10^8 Msun
 sources merged
 niter           1
 niter           2
 ............
 sim_time, output_time   13.440766869756084        13.440766869756084     
 .............
 output redshift   27.583889061506465     
 .............
 actual_dt   1.9190233554451543     
 before output
 after output
 niter           1
 niter           2
 ............
 sim_time, output_time   15.359790225201239        15.359790225201239     
 .............
 output redshift   27.276282834065810     
 .............
 actual_dt   1.9190233554451543     
 before output
 after output
 niter           1
 niter           2
 ............
 sim_time, output_time   17.278813580646393        17.278813580646393     
 .............
 output redshift   26.976820975761722     
 .............
 actual_dt   1.9190233554451543     
 before output
 after output
 niter           1
 niter           2
 ............
 sim_time, output_time   19.197836936091548        19.197836936091548     
 .............
 output redshift   26.685163863084462     
 .............
 actual_dt   1.9190233554451543     
 before output
 after output
 niter           1
 niter           2
 ............
 sim_time, output_time   21.116860291536703        21.116860291536703     
 .............
 output redshift   26.400991046174720     
 .............
 actual_dt   1.9190233554451543     
 before output
 after output
 niter           1
 niter           2
 ............
 sim_time, output_time   23.035883646981855        23.035883646981855     
 .............
 output redshift   26.123999892029008     
 .............
 actual_dt   1.9190233554451543     
 before output
 after output
 inner loop finished
 photcons_flag:           0
 -------------------------------------
 Doing redshift:    26.123999999999999       to    24.597000000000001     
 -------------------------------------
 calling source
 calling dens_ini zred, nz, nz0   26.123999999999999                3           1
 finishing dens_ini
 before agrid_prop, jlw(1,1,1)   8.8215940934619712E-024
 Inside AGrid_properties
 zred_now,  densNDcrit   26.123999999999999        1.0135831333340657     
 zred, densNDcrit   26.123999999999999       0.10002811167877801     
 almost final
 Number of active subgrids:     1086514
 Total active stellar mass in subgrids, in solar mass:   2763761367.0937891     
 Sanity check: fesc00 =   0.20833332836627960     
 Sanity check: fesc01 =   0.20000000000000001     
 Sanity check: fesc_sub =    1.0096969696969698     
 n_pastslice, nz_lwbegin           1           3
 m1,m2,m3         125         125         125
 after get_jLW, jlw(1,1,1)   4.5846479236368970E-024
 BOTH SUBSOURCES exist     1928619
      842105  sources have mass > 10^8 Msun
     1086514  grids(!) have mass < 10^8 Msun
 sources merged
 niter           1
 niter           2
 ............
 sim_time, output_time   24.956087187019435        24.956087187019435     
 .............
 output redshift   25.853740301255421     
 .............
 actual_dt   1.9202035400375781     
 before output
 after output
 niter           1
 niter           2
 ............
 sim_time, output_time   26.876290727057011        26.876290727057011     
 .............
 output redshift   25.590113684093765     
 .............
 actual_dt   1.9202035400375781     
 before output
 after output
 niter           1
 niter           2
 ............
 sim_time, output_time   28.796494267094591        28.796494267094591     
 .............
 output redshift   25.332863350366864     
 .............
 actual_dt   1.9202035400375781     
 before output
 after output
 niter           1
 niter           2
 ............
 sim_time, output_time   30.716697807132167        30.716697807132167     
 .............
 output redshift   25.081746073402549     
 .............
 actual_dt   1.9202035400375781     
 before output
 after output
 niter           1
 niter           2
 ............
 sim_time, output_time   32.636901347169747        32.636901347169747     
 .............
 output redshift   24.836531203946649     
 .............
 actual_dt   1.9202035400375781     
 before output
 after output
 niter           1
 niter           2
 ............
 sim_time, output_time   34.557104887207323        34.557104887207323     
 .............
 output redshift   24.596999853905029     
 .............
 actual_dt   1.9202035400375781     
 before output
 after output
 inner loop finished
 photcons_flag:           0
 -------------------------------------
 Doing redshift:    24.597000000000001       to    23.268000000000001     
 -------------------------------------
 calling source
 calling dens_ini zred, nz, nz0   24.597000000000001                4           1
 finishing dens_ini
 before agrid_prop, jlw(1,1,1)   4.5846479236368970E-024
 Inside AGrid_properties
 zred_now,  densNDcrit   24.597000000000001       0.10002811167877801     
 zred, densNDcrit   24.597000000000001       0.10002811167877801     
 almost final
 Number of active subgrids:           0
 Total active stellar mass in subgrids, in solar mass:   0.0000000000000000     
 Sanity check: fesc00 =   0.20833332836627960     
 Sanity check: fesc01 =   0.20000000000000001     
 Sanity check: fesc_sub =    1.0096969696969698     
 n_pastslice, nz_lwbegin           1           4
 m1,m2,m3         125         125         125
 after get_jLW, jlw(1,1,1)  -2.1539648105077435E-054
 sources merged
 niter           1
 niter           2
 ............
 sim_time, output_time   36.477635585685668        36.477635585685668     
 .............
 output redshift   24.362904721005950     
 .............
 actual_dt   1.9205306984783419     
 before output
 after output
 niter           1
 niter           2
 ............
 sim_time, output_time   38.398166284164006        38.398166284164006     
 .............
 output redshift   24.134089427398077     
 .............
 actual_dt   1.9205306984783381     
 before output
 after output
 niter           1
 niter           2
 ............
 sim_time, output_time   40.318696982642344        40.318696982642344     
 .............
 output redshift   23.910365983641412     
 .............
 actual_dt   1.9205306984783381     
 before output
 after output
 niter           1
 niter           2
 ............
 sim_time, output_time   42.239227681120681        42.239227681120681     
 .............
 output redshift   23.691555482488358     
 .............
 actual_dt   1.9205306984783381     
 before output
 after output
 niter           1
 niter           2
 ............
 sim_time, output_time   44.159758379599019        44.159758379599019     
 .............
 output redshift   23.477487547694864     
 .............
 actual_dt   1.9205306984783381     
 before output
 after output
 niter           1
 niter           2
 ............
 sim_time, output_time   46.080289078077357        46.080289078077357     
 .............
 output redshift   23.267999822929500     
 .............
 actual_dt   1.9205306984783381     
 before output
 after output
 inner loop finished
 photcons_flag:           0
 -------------------------------------
 Doing redshift:    23.268000000000001       to    22.100000000000001     
 -------------------------------------
 calling source
 calling dens_ini zred, nz, nz0   23.268000000000001                5           1
 finishing dens_ini
 before agrid_prop, jlw(1,1,1)  -2.1539648105077435E-054
 Inside AGrid_properties
 zred_now,  densNDcrit   23.268000000000001       0.10002811167877801     
 zred, densNDcrit   23.268000000000001       0.10002811167877801     
 almost final
 Number of active subgrids:           0
 Total active stellar mass in subgrids, in solar mass:   0.0000000000000000     
 Sanity check: fesc00 =   0.20833332836627960     
 Sanity check: fesc01 =   0.20000000000000001     
 Sanity check: fesc_sub =    1.0096969696969698     
 n_pastslice, nz_lwbegin           2           4
 m1,m2,m3         125         125         125
 m1,m2,m3         125         125         125
 after get_jLW, jlw(1,1,1)   2.6107425329733765E-054
 sources merged
 niter           1
 niter           2
 ............
 sim_time, output_time   47.999184083100282        47.999184083100282     
 .............
 output redshift   23.063110306008529     
 .............
 actual_dt   1.9188950050229252     
 before output
 after output
 niter           1
 niter           2
 ............
 sim_time, output_time   49.918079088123207        49.918079088123207     
 .............
 output redshift   22.862491320629822     
 .............
 actual_dt   1.9188950050229252     
 before output
 after output
 niter           1
 niter           2
 ............
 sim_time, output_time   51.836974093146139        51.836974093146139     
 .............
 output redshift   22.666002207508090     
 .............
 actual_dt   1.9188950050229252     
 before output
 after output
 niter           1
 niter           2
 ............
 sim_time, output_time   53.755869098169065        53.755869098169065     
 .............
 output redshift   22.473508599928191     
 .............
 actual_dt   1.9188950050229252     
 before output
 after output
 niter           1
 niter           2
 ............
 sim_time, output_time   55.674764103191990        55.674764103191990     
 .............
 output redshift   22.284882069781876     
 .............
 actual_dt   1.9188950050229252     
 before output
 after output
 niter           1
 niter           2
 ............
 sim_time, output_time   57.593659108214915        57.593659108214915     
 .............
 output redshift   22.099999797494089     
 .............
 actual_dt   1.9188950050229252     
 before output
 after output
 inner loop finished
 photcons_flag:           0
 -------------------------------------
 Doing redshift:    22.100000000000001       to    21.062000000000001     
 -------------------------------------
 calling source
 calling dens_ini zred, nz, nz0   22.100000000000001                6           1
 finishing dens_ini
 before agrid_prop, jlw(1,1,1)   2.6107425329733765E-054
 Inside AGrid_properties
 zred_now,  densNDcrit   22.100000000000001       0.10002811167877801     
 zred, densNDcrit   22.100000000000001       0.10002811167877801     
 almost final
 Number of active subgrids:           0
 Total active stellar mass in subgrids, in solar mass:   0.0000000000000000     
 Sanity check: fesc00 =   0.20833332836627960     
 Sanity check: fesc01 =   0.20000000000000001     
 Sanity check: fesc_sub =    1.0096969696969698     
 n_pastslice, nz_lwbegin           2           5
 m1,m2,m3         125         125         125
 m1,m2,m3         125         125         125
 after get_jLW, jlw(1,1,1)  -7.7036199648309760E-055
 sources merged
 niter           1
 niter           2
 ............
 sim_time, output_time   59.514692371538111        59.514692371538111     
 .............
 output redshift   21.918544268361103     
 .............
 actual_dt   1.9210332633231904     
 before output
 after output
 niter           1
 niter           2
 ............
 sim_time, output_time   61.435725634861299        61.435725634861299     
 .............
 output redshift   21.740610685849564     
 .............
 actual_dt   1.9210332633231904     
 before output
 after output
 niter           1
 niter           2
