
  [01;33mThis stage is in construction. Thanks for being an early adopter! If
you are
  missing some software you'd like to have, please contact support at
sc@fz-juelich.de[0m


Program received signal SIGSEGV: Segmentation fault - invalid memory reference.

Backtrace for this error:
#0  0x14d70bbadbef in ???
#1  0x14d70bcda01f in ???
#2  0x14d70b79188a in ucs_memcpy_relaxed
	at /dev/shm/swmanage/juwels/UCX/default/GCCcore-14.3.0/ucx-1.19.0/src/ucs/arch/x86_64/cpu.h:126
#3  0x14d70b79188a in ucp_memcpy_unpack
	at /dev/shm/swmanage/juwels/UCX/default/GCCcore-14.3.0/ucx-1.19.0/src/ucp/dt/dt.h:82
#4  0x14d70b79188a in ucp_dt_contig_unpack
	at /dev/shm/swmanage/juwels/UCX/default/GCCcore-14.3.0/ucx-1.19.0/src/ucp/dt/dt_contig.h:56
#5  0x14d70b79188a in ucp_datatype_iter_unpack
	at /dev/shm/swmanage/juwels/UCX/default/GCCcore-14.3.0/ucx-1.19.0/src/ucp/dt/datatype_iter.inl:447
#6  0x14d70b79188a in ucp_request_recv_data_unpack
	at /dev/shm/swmanage/juwels/UCX/default/GCCcore-14.3.0/ucx-1.19.0/src/ucp/core/ucp_request.inl:596
#7  0x14d70b79188a in ucp_eager_tagged_handler
	at tag/eager_rcv.c:106
#8  0x14d70b79188a in ucp_eager_only_handler
	at tag/eager_rcv.c:142
#9  0x14d70b6e473b in uct_iface_invoke_am
	at /dev/shm/swmanage/juwels/UCX/default/GCCcore-14.3.0/ucx-1.19.0/src/uct/base/uct_iface.h:947
#10  0x14d70b6e473b in uct_mm_iface_invoke_am
	at sm/mm/base/mm_iface.h:278
#11  0x14d70b6e473b in uct_mm_iface_process_recv
	at sm/mm/base/mm_iface.c:325
#12  0x14d70b6e473b in uct_mm_iface_poll_fifo
	at sm/mm/base/mm_iface.c:357
#13  0x14d70b6e473b in uct_mm_iface_progress
	at sm/mm/base/mm_iface.c:410
#14  0x14d70b755979 in ucs_callbackq_dispatch
	at /dev/shm/swmanage/juwels/UCX/default/GCCcore-14.3.0/ucx-1.19.0/src/ucs/datastruct/callbackq.h:215
#15  0x14d70b755979 in uct_worker_progress
	at /dev/shm/swmanage/juwels/UCX/default/GCCcore-14.3.0/ucx-1.19.0/src/uct/api/uct.h:2823
#16  0x14d70b755979 in ucp_worker_progress
	at core/ucp_worker.c:3059
#17  0x14d70b810a0a in ???
#18  0x14d70c2778bb in ???
#19  0x14d70c2deb8f in ???
#20  0x14d70c31711b in ???
#21  0x14d70c28ce8f in ???
#22  0x14d70c5970e2 in ???
#23  0x40ce64 in ???
#24  0x41d7b9 in ???
#25  0x4024dc in ???
#26  0x14d70bb985cf in ???
#27  0x14d70bb9867f in ???
#28  0x402514 in ???
#29  0xffffffffffffffff in ???
srun: error: jwc00n263: task 0: Terminated
srun: error: jwc00n263: task 1: Segmentation fault (core dumped)
srun: Force Terminated StepId=12918497.0
