1
 This is rank 0
 Which output streams do you want?
 Enter a mask for streams 1 through 7
 E.g. 1,0,1,0,0,0,0 means streams 1 and 3, but not 2, 4, 5, 6, 7
Enter initial temperature (K): Restart (y/n)? : Restart at midpoint (y/n)? : Number of starting slice(s): (1 number for no MH, 2 - fine and coarse -- for MH) Pre Nbody
Files with redshifts(fine, coarse): (minihalo-relevant redshifts, N-body redshifts) Post Nbody
 check Nzdata          68         210
 check zred -0.90000000000000002        20.000000000000000        30.0000000       27.8999996       26.1240005       24.5970001       23.2679996       22.1000004       21.0620003       20.1340008       19.2980003       18.5400009       17.8479996       17.2150002       16.6329994       16.0949993       15.5959997       15.1320000       14.6990004       14.2939997       13.9139996       13.5570002       13.2209997       12.9029999       12.6029997       12.3179998       12.0480003       11.7910004       11.5459995       11.3129997       11.0900002       10.8769999       10.6730003       10.4779997       10.2900000       10.1099997       9.93799973       9.77099991       9.61100006       9.45699978       9.30799961       9.16399956       9.02600002       8.89200020       8.76200008       8.63599968       8.51500034       8.39700031       8.28299999       8.17199993       8.06400013       7.96000004       7.85900021       7.76000023       7.66400003       7.57000017       7.48000002       7.39099979       7.30499983       7.22100019       7.13899994       7.05900002       6.98099995       6.90500021       6.82999992       6.75699997       6.68599987       6.61700010       6.54899979       6.48299980    
 .................
          68         210   30.0000000       6.48299980     -0.90000000000000002        20.000000000000000     
UV Luminosity recipe (0,1,2): Enter number of time steps between slices: Enter number of outputs between slices:  mesh(1),mesh(2),mesh(3)         125         125         125
 Size in X-direction =          125
 Size in Y-direction =          125
 Size in Z-direction =          125
 -------------------------------------
 Doing redshift:    30.000000000000000       to    29.623999999999999     
 -------------------------------------
 calling source
 zred_coarse =    30.000000000000000     
 zred =    30.000000000000000     
 sourcelistfile../sources/30.000-coarsened_sources.dat                                                                                                                                                                                                                                                                                                                                                                                                                                                                                         
 inside establish_number_of_active_sources
 restart           0
 ios=           0
 NumSrc0           1
 source props read. numsrc:           1
 calling dens_ini zred, nz, nz0   30.000000000000000                1           1
 finishing dens_ini
 before agrid_prop, jlw(1,1,1)   0.0000000000000000     
 Inside AGrid_properties
 zred_now,  densNDcrit   30.000000000000000        0.0000000000000000     
 zred, densNDcrit   30.000000000000000        1.2381505003664504     
 Cell failing at (i,j,k)=           1           1           1
    xH =    0.0000000000000000     
    StillNeutral =   0.100000001    
    jLW   =    0.0000000000000000     
    jLWcrit_now =    4.9999999999999997E-023
    diff_subsrcMsun =    0.0000000000000000     

 Cell failing at (i,j,k)=           2           1           1
    xH =    0.0000000000000000     
    StillNeutral =   0.100000001    
    jLW   =    0.0000000000000000     
    jLWcrit_now =    4.9999999999999997E-023
    diff_subsrcMsun =    0.0000000000000000     

 Cell failing at (i,j,k)=           3           1           1
    xH =    0.0000000000000000     
    StillNeutral =   0.100000001    
    jLW   =    0.0000000000000000     
    jLWcrit_now =    4.9999999999999997E-023
    diff_subsrcMsun =    0.0000000000000000     

 Cell failing at (i,j,k)=           4           1           1
    xH =    0.0000000000000000     
    StillNeutral =   0.100000001    
    jLW   =    0.0000000000000000     
    jLWcrit_now =    4.9999999999999997E-023
    diff_subsrcMsun =    0.0000000000000000     

 Cell failing at (i,j,k)=           5           1           1
    xH =    0.0000000000000000     
    StillNeutral =   0.100000001    
    jLW   =    0.0000000000000000     
    jLWcrit_now =    4.9999999999999997E-023
    diff_subsrcMsun =    0.0000000000000000     

 Cell failing at (i,j,k)=           6           1           1
    xH =    0.0000000000000000     
    StillNeutral =   0.100000001    
    jLW   =    0.0000000000000000     
    jLWcrit_now =    4.9999999999999997E-023
    diff_subsrcMsun =    0.0000000000000000     

 Cell failing at (i,j,k)=           8           1           1
    xH =    0.0000000000000000     
    StillNeutral =   0.100000001    
    jLW   =    0.0000000000000000     
    jLWcrit_now =    4.9999999999999997E-023
    diff_subsrcMsun =    0.0000000000000000     

 Cell failing at (i,j,k)=           9           1           1
    xH =    0.0000000000000000     
    StillNeutral =   0.100000001    
    jLW   =    0.0000000000000000     
    jLWcrit_now =    4.9999999999999997E-023
    diff_subsrcMsun =    0.0000000000000000     

 Cell failing at (i,j,k)=          10           1           1
    xH =    0.0000000000000000     
    StillNeutral =   0.100000001    
    jLW   =    0.0000000000000000     
    jLWcrit_now =    4.9999999999999997E-023
    diff_subsrcMsun =    0.0000000000000000     

 Cell failing at (i,j,k)=          11           1           1
    xH =    0.0000000000000000     
    StillNeutral =   0.100000001    
    jLW   =    0.0000000000000000     
    jLWcrit_now =    4.9999999999999997E-023
    diff_subsrcMsun =    0.0000000000000000     

 Cell failing at (i,j,k)=          12           1           1
    xH =    0.0000000000000000     
    StillNeutral =   0.100000001    
    jLW   =    0.0000000000000000     
    jLWcrit_now =    4.9999999999999997E-023
    diff_subsrcMsun =    0.0000000000000000     

 Cell failing at (i,j,k)=          13           1           1
    xH =    0.0000000000000000     
    StillNeutral =   0.100000001    
    jLW   =    0.0000000000000000     
    jLWcrit_now =    4.9999999999999997E-023
    diff_subsrcMsun =    0.0000000000000000     

 Cell failing at (i,j,k)=          14           1           1
    xH =    0.0000000000000000     
    StillNeutral =   0.100000001    
    jLW   =    0.0000000000000000     
    jLWcrit_now =    4.9999999999999997E-023
    diff_subsrcMsun =    0.0000000000000000     

 Cell failing at (i,j,k)=          15           1           1
    xH =    0.0000000000000000     
    StillNeutral =   0.100000001    
    jLW   =    0.0000000000000000     
    jLWcrit_now =    4.9999999999999997E-023
    diff_subsrcMsun =    0.0000000000000000     

 Cell failing at (i,j,k)=          16           1           1
    xH =    0.0000000000000000     
    StillNeutral =   0.100000001    
    jLW   =    0.0000000000000000     
    jLWcrit_now =    4.9999999999999997E-023
    diff_subsrcMsun =    0.0000000000000000     

 Cell failing at (i,j,k)=          17           1           1
    xH =    0.0000000000000000     
    StillNeutral =   0.100000001    
    jLW   =    0.0000000000000000     
    jLWcrit_now =    4.9999999999999997E-023
    diff_subsrcMsun =    0.0000000000000000     

 Cell failing at (i,j,k)=          18           1           1
    xH =    0.0000000000000000     
    StillNeutral =   0.100000001    
    jLW   =    0.0000000000000000     
    jLWcrit_now =    4.9999999999999997E-023
    diff_subsrcMsun =    0.0000000000000000     

 Cell failing at (i,j,k)=          19           1           1
    xH =    0.0000000000000000     
    StillNeutral =   0.100000001    
    jLW   =    0.0000000000000000     
    jLWcrit_now =    4.9999999999999997E-023
    diff_subsrcMsun =    0.0000000000000000     

 Cell failing at (i,j,k)=          20           1           1
    xH =    0.0000000000000000     
    StillNeutral =   0.100000001    
    jLW   =    0.0000000000000000     
    jLWcrit_now =    4.9999999999999997E-023
    diff_subsrcMsun =    0.0000000000000000     

 Cell failing at (i,j,k)=          21           1           1
    xH =    0.0000000000000000     
    StillNeutral =   0.100000001    
    jLW   =    0.0000000000000000     
    jLWcrit_now =    4.9999999999999997E-023
    diff_subsrcMsun =    0.0000000000000000     

 Total xh_failing =            0
 Total jLW_failing =            0
 Total diff_subsrcMsun_failing =      1888646
 NumAGrid =        64479
 Total =      1953125
  Total grids =      1953125
 almost final
 Number of active subgrids:       64479
 Total active stellar mass in subgrids, in solar mass:   1622904770.9565344     
 Sanity check: fesc00 =   0.20833332836627960     
 Sanity check: fesc01 =   0.20000000000000001     
 Sanity check: fesc_sub =    1.0096969696969698     
 n_pastslice, nz_lwbegin           1           1
 m1,m2,m3         125         125         125
 after get_jLW, jlw(1,1,1)   4.9047409926997227E-023
 BOTH SUBSOURCES exist       64480
           1  sources have mass > 10^8 Msun
       64479  grids(!) have mass < 10^8 Msun
 sources merged
 niter           1
 ............
 sim_time, output_time  0.31972198262373314       0.31972198262373314     
 .............
 output redshift   29.936532407112121     
 .............
 actual_dt  0.31972198262373314     
 before output
 after output
 niter           1
 ............
 sim_time, output_time  0.63944396524746627       0.63944396524746627     
 .............
 output redshift   29.873388669364598     
 .............
 actual_dt  0.31972198262373314     
 before output
 after output
 niter           1
 ............
 sim_time, output_time  0.95916594787119946       0.95916594787119946     
 .............
 output redshift   29.810566150777827     
 .............
 actual_dt  0.31972198262373314     
 before output
 after output
 niter           1
 ............
 sim_time, output_time   1.2788879304949325        1.2788879304949325     
 .............
 output redshift   29.748062244783384     
 .............
 actual_dt  0.31972198262373308     
 before output
 after output
 niter           1
 ............
 sim_time, output_time   1.5986099131186655        1.5986099131186655     
 .............
 output redshift   29.685874373807653     
 .............
 actual_dt  0.31972198262373308     
 before output
 after output
 niter           1
 ............
 sim_time, output_time   1.9183318957423987        1.9183318957423987     
 .............
 output redshift   29.623999988862558     
 .............
 actual_dt  0.31972198262373308     
 before output
 after output
 inner loop finished
 photcons_flag:           0
 -------------------------------------
 Doing redshift:    29.623999999999999       to    29.257999999999999     
 -------------------------------------
 calling source
 zred_coarse =    27.899999999999999     
 zred =    29.623999999999999     
 sourcelistfile../sources/30.000-coarsened_sources.dat                                                                                                                                                                                                                                                                                                                                                                                                                                                                                         
 inside establish_number_of_active_sources
 restart           0
 ios=           0
 NumSrc0           1
 calling dens_ini zred, nz, nz0   29.623999999999999                2           1
 finishing dens_ini
 before agrid_prop, jlw(1,1,1)   4.9047409926997227E-023
 Inside AGrid_properties
 zred_now,  densNDcrit   29.623999999999999        1.2381505003664504     
 zred, densNDcrit   29.623999999999999        1.1917135434683419     
 Cell failing at (i,j,k)=           1           1           1
    xH =    2.0893802313293186E-011
    StillNeutral =   0.100000001    
    jLW   =    4.9047409926997227E-023
    jLWcrit_now =    4.9999999999999997E-023
    diff_subsrcMsun =    0.0000000000000000     

 Cell failing at (i,j,k)=           2           1           1
    xH =    2.1544770741760422E-011
    StillNeutral =   0.100000001    
    jLW   =    4.7387519114923372E-023
    jLWcrit_now =    4.9999999999999997E-023
    diff_subsrcMsun =    0.0000000000000000     

 Cell failing at (i,j,k)=           3           1           1
    xH =    2.1441594593579749E-011
    StillNeutral =   0.100000001    
    jLW   =    4.6171950895190574E-023
    jLWcrit_now =    4.9999999999999997E-023
    diff_subsrcMsun =    0.0000000000000000     

 Cell failing at (i,j,k)=           4           1           1
    xH =    2.2006165553006829E-011
    StillNeutral =   0.100000001    
    jLW   =    4.7590862257374619E-023
    jLWcrit_now =    4.9999999999999997E-023
    diff_subsrcMsun =    0.0000000000000000     

 Cell failing at (i,j,k)=           5           1           1
    xH =    2.5360000991542231E-011
    StillNeutral =   0.100000001    
    jLW   =    5.3691416825221290E-023
    jLWcrit_now =    4.9999999999999997E-023
    diff_subsrcMsun =    0.0000000000000000     

 Cell failing at (i,j,k)=           6           1           1
    xH =    2.7523783599492369E-011
    StillNeutral =   0.100000001    
    jLW   =    7.5143596985640047E-023
    jLWcrit_now =    4.9999999999999997E-023
    diff_subsrcMsun =    0.0000000000000000     

 Cell failing at (i,j,k)=           7           1           1
    xH =    8.6362041708845649E-002
    StillNeutral =   0.100000001    
    jLW   =    5.6097615996120327E-023
    jLWcrit_now =    4.9999999999999997E-023
    diff_subsrcMsun =    0.0000000000000000     

 Cell failing at (i,j,k)=           8           1           1
    xH =    3.1244983596939724E-011
    StillNeutral =   0.100000001    
    jLW   =    8.0736768331601470E-023
    jLWcrit_now =    4.9999999999999997E-023
    diff_subsrcMsun =    7555.7000134607324     

 Cell failing at (i,j,k)=           9           1           1
    xH =    2.3608224750115703E-011
    StillNeutral =   0.100000001    
    jLW   =    6.4114647806536759E-023
    jLWcrit_now =    4.9999999999999997E-023
    diff_subsrcMsun =    0.0000000000000000     

 Cell failing at (i,j,k)=          10           1           1
    xH =    2.4851804641956576E-011
    StillNeutral =   0.100000001    
    jLW   =    6.1527983599704833E-023
    jLWcrit_now =    4.9999999999999997E-023
    diff_subsrcMsun =    0.0000000000000000     

 Cell failing at (i,j,k)=          11           1           1
    xH =    2.6303462446336523E-011
    StillNeutral =   0.100000001    
    jLW   =    5.9428602654662093E-023
    jLWcrit_now =    4.9999999999999997E-023
    diff_subsrcMsun =    0.0000000000000000     

 Cell failing at (i,j,k)=          12           1           1
    xH =    2.2366747776808582E-011
    StillNeutral =   0.100000001    
    jLW   =    5.7999452563077339E-023
    jLWcrit_now =    4.9999999999999997E-023
    diff_subsrcMsun =    0.0000000000000000     

 Cell failing at (i,j,k)=          13           1           1
    xH =    2.4344752776184198E-011
    StillNeutral =   0.100000001    
    jLW   =    5.7273601501288825E-023
    jLWcrit_now =    4.9999999999999997E-023
    diff_subsrcMsun =    0.0000000000000000     

 Cell failing at (i,j,k)=          14           1           1
    xH =    2.4068538828636576E-011
    StillNeutral =   0.100000001    
    jLW   =    5.5734750899985667E-023
    jLWcrit_now =    4.9999999999999997E-023
    diff_subsrcMsun =    0.0000000000000000     

 Cell failing at (i,j,k)=          15           1           1
    xH =    2.6227381811488870E-011
    StillNeutral =   0.100000001    
    jLW   =    5.4647467103995761E-023
    jLWcrit_now =    4.9999999999999997E-023
    diff_subsrcMsun =    0.0000000000000000     

 Cell failing at (i,j,k)=          16           1           1
    xH =    2.7713449590738293E-011
    StillNeutral =   0.100000001    
    jLW   =    5.2839752261775492E-023
    jLWcrit_now =    4.9999999999999997E-023
    diff_subsrcMsun =    0.0000000000000000     

 Cell failing at (i,j,k)=          17           1           1
    xH =    2.2412149393302716E-011
    StillNeutral =   0.100000001    
    jLW   =    5.0134203836022391E-023
    jLWcrit_now =    4.9999999999999997E-023
    diff_subsrcMsun =    0.0000000000000000     

 Cell failing at (i,j,k)=          18           1           1
    xH =    2.4056127749527700E-011
    StillNeutral =   0.100000001    
    jLW   =    4.5956645248262344E-023
    jLWcrit_now =    4.9999999999999997E-023
    diff_subsrcMsun =    0.0000000000000000     

 Cell failing at (i,j,k)=          19           1           1
    xH =    2.2500299366734478E-011
    StillNeutral =   0.100000001    
    jLW   =    4.1486317052448721E-023
    jLWcrit_now =    4.9999999999999997E-023
    diff_subsrcMsun =    0.0000000000000000     

 Cell failing at (i,j,k)=          20           1           1
    xH =    2.6974494252846037E-011
    StillNeutral =   0.100000001    
    jLW   =    3.9246352395291205E-023
    jLWcrit_now =    4.9999999999999997E-023
    diff_subsrcMsun =    0.0000000000000000     

 Total xh_failing =        23733
 Total jLW_failing =      1344531
 Total diff_subsrcMsun_failing =      1881199
 NumAGrid =         9430
 Total =      1890629
  Total grids =      1953125
 almost final
 Number of active subgrids:        9430
 Total active stellar mass in subgrids, in solar mass:   15296007.957927419     
 Sanity check: fesc00 =   0.20833332836627960     
 Sanity check: fesc01 =   0.20000000000000001     
 Sanity check: fesc_sub =    1.0096969696969698     
 n_pastslice, nz_lwbegin           2           1
 m1,m2,m3         125         125         125
 m1,m2,m3         125         125         125
 after get_jLW, jlw(1,1,1)   3.6479266767987237E-023
 BOTH SUBSOURCES exist        9431
           1  sources have mass > 10^8 Msun
        9430  grids(!) have mass < 10^8 Msun
 sources merged
 niter           1
 ............
 sim_time, output_time   2.2391194300921935        2.2391194300921935     
 .............
 output redshift   29.562231911105563     
 .............
 actual_dt  0.32078753434979485     
 before output
 after output
 niter           1
 ............
 sim_time, output_time   2.5599069644419887        2.5599069644419887     
 .............
 output redshift   29.500774356799578     
 .............
 actual_dt  0.32078753434979501     
 before output
 after output
 niter           1
 ............
 sim_time, output_time   2.8806944987917835        2.8806944987917835     
 .............
 output redshift   29.439624835729870     
 .............
 actual_dt  0.32078753434979501     
 before output
 after output
 niter           1
 ............
 sim_time, output_time   3.2014820331415788        3.2014820331415788     
 .............
 output redshift   29.378780885058188     
 .............
 actual_dt  0.32078753434979501     
 before output
 after output
 niter           1
 ............
 sim_time, output_time   3.5222695674913740        3.5222695674913740     
 .............
 output redshift   29.318240068940884     
 .............
 actual_dt  0.32078753434979501     
 before output
 after output
 niter           1
 ............
 sim_time, output_time   3.8430571018411692        3.8430571018411692     
 .............
 output redshift   29.257999978153464     
 .............
 actual_dt  0.32078753434979501     
 before output
 after output
 inner loop finished
 photcons_flag:           0
 -------------------------------------
 Doing redshift:    29.257999999999999       to    28.904000000000000     
 -------------------------------------
 calling source
 zred_coarse =    27.899999999999999     
 zred =    29.257999999999999     
 sourcelistfile../sources/30.000-coarsened_sources.dat                                                                                                                                                                                                                                                                                                                                                                                                                                                                                         
 inside establish_number_of_active_sources
 restart           0
 ios=           0
 NumSrc0           1
 calling dens_ini zred, nz, nz0   29.257999999999999                3           1
 finishing dens_ini
 before agrid_prop, jlw(1,1,1)   3.6479266767987237E-023
 Inside AGrid_properties
 zred_now,  densNDcrit   29.257999999999999        1.1917135434683419     
 zred, densNDcrit   29.257999999999999        1.1547819846894583     
 Cell failing at (i,j,k)=           1           1           1
    xH =    4.1062267735342273E-011
    StillNeutral =   0.100000001    
    jLW   =    3.6479266767987237E-023
    jLWcrit_now =    4.9999999999999997E-023
    diff_subsrcMsun =    0.0000000000000000     

 Cell failing at (i,j,k)=           2           1           1
    xH =    4.2353572905773351E-011
    StillNeutral =   0.100000001    
    jLW   =    3.6837321248386083E-023
    jLWcrit_now =    4.9999999999999997E-023
    diff_subsrcMsun =    0.0000000000000000     

 Cell failing at (i,j,k)=           3           1           1
    xH =    4.2139676730695852E-011
    StillNeutral =   0.100000001    
    jLW   =    3.7602227791624530E-023
    jLWcrit_now =    4.9999999999999997E-023
    diff_subsrcMsun =    0.0000000000000000     

 Cell failing at (i,j,k)=           4           1           1
    xH =    4.3250670406225211E-011
    StillNeutral =   0.100000001    
    jLW   =    3.7736854428006114E-023
    jLWcrit_now =    4.9999999999999997E-023
    diff_subsrcMsun =    0.0000000000000000     

 Cell failing at (i,j,k)=           5           1           1
    xH =    4.9893325148459011E-011
    StillNeutral =   0.100000001    
    jLW   =    3.6797521522391892E-023
    jLWcrit_now =    4.9999999999999997E-023
    diff_subsrcMsun =    0.0000000000000000     

 Cell failing at (i,j,k)=           6           1           1
    xH =    5.4179533255649392E-011
    StillNeutral =   0.100000001    
    jLW   =    3.6936195571704620E-023
    jLWcrit_now =    4.9999999999999997E-023
    diff_subsrcMsun =    0.0000000000000000     

 Cell failing at (i,j,k)=           7           1           1
    xH =    8.6241900208847852E-002
    StillNeutral =   0.100000001    
    jLW   =    3.6373734204610976E-023
    jLWcrit_now =    4.9999999999999997E-023
    diff_subsrcMsun =    0.0000000000000000     

 Cell failing at (i,j,k)=           8           1           1
    xH =    6.1545429343168312E-011
    StillNeutral =   0.100000001    
    jLW   =    3.7098773492301145E-023
    jLWcrit_now =    4.9999999999999997E-023
    diff_subsrcMsun =    0.0000000000000000     

 Cell failing at (i,j,k)=           9           1           1
    xH =    4.6420837226252010E-011
    StillNeutral =   0.100000001    
    jLW   =    3.7324649795449025E-023
    jLWcrit_now =    4.9999999999999997E-023
    diff_subsrcMsun =    0.0000000000000000     

 Cell failing at (i,j,k)=          10           1           1
    xH =    4.8892700218322593E-011
    StillNeutral =   0.100000001    
    jLW   =    3.7322289717899575E-023
    jLWcrit_now =    4.9999999999999997E-023
    diff_subsrcMsun =    0.0000000000000000     

 Cell failing at (i,j,k)=          11           1           1
    xH =    5.1760859053756603E-011
    StillNeutral =   0.100000001    
    jLW   =    3.7717231884719217E-023
    jLWcrit_now =    4.9999999999999997E-023
    diff_subsrcMsun =    0.0000000000000000     

 Cell failing at (i,j,k)=          12           1           1
    xH =    4.3973803331293082E-011
    StillNeutral =   0.100000001    
    jLW   =    3.8846859610870217E-023
    jLWcrit_now =    4.9999999999999997E-023
    diff_subsrcMsun =    0.0000000000000000     

 Cell failing at (i,j,k)=          13           1           1
    xH =    4.7875758912852007E-011
    StillNeutral =   0.100000001    
    jLW   =    3.9523279376733938E-023
    jLWcrit_now =    4.9999999999999997E-023
    diff_subsrcMsun =    0.0000000000000000     

 Cell failing at (i,j,k)=          14           1           1
    xH =    4.7333123965459523E-011
    StillNeutral =   0.100000001    
    jLW   =    4.0386781485496928E-023
    jLWcrit_now =    4.9999999999999997E-023
    diff_subsrcMsun =    0.0000000000000000     

 Cell failing at (i,j,k)=          15           1           1
    xH =    5.1615146184902372E-011
    StillNeutral =   0.100000001    
    jLW   =    3.9780285548701765E-023
    jLWcrit_now =    4.9999999999999997E-023
    diff_subsrcMsun =    0.0000000000000000     

 Cell failing at (i,j,k)=          16           1           1
    xH =    5.4557431055507477E-011
    StillNeutral =   0.100000001    
    jLW   =    4.0091542155258156E-023
    jLWcrit_now =    4.9999999999999997E-023
    diff_subsrcMsun =    0.0000000000000000     

 Cell failing at (i,j,k)=          17           1           1
    xH =    4.4059761481612947E-011
    StillNeutral =   0.100000001    
    jLW   =    4.0595576885892940E-023
    jLWcrit_now =    4.9999999999999997E-023
    diff_subsrcMsun =    0.0000000000000000     

 Cell failing at (i,j,k)=          18           1           1
    xH =    4.7310699628766439E-011
    StillNeutral =   0.100000001    
    jLW   =    4.0946828960970032E-023
    jLWcrit_now =    4.9999999999999997E-023
    diff_subsrcMsun =    0.0000000000000000     

 Cell failing at (i,j,k)=          19           1           1
    xH =    4.4251018214286342E-011
    StillNeutral =   0.100000001    
    jLW   =    4.2158026876113326E-023
    jLWcrit_now =    4.9999999999999997E-023
    diff_subsrcMsun =    0.0000000000000000     

 Cell failing at (i,j,k)=          20           1           1
    xH =    5.3079878166439887E-011
    StillNeutral =   0.100000001    
    jLW   =    4.3201388732054677E-023
    jLWcrit_now =    4.9999999999999997E-023
    diff_subsrcMsun =    0.0000000000000000     

 Total xh_failing =        22987
 Total jLW_failing =       329307
 Total diff_subsrcMsun_failing =      1864742
 NumAGrid =        72211
 Total =      1936953
  Total grids =      1953125
 almost final
 Number of active subgrids:       72211
 Total active stellar mass in subgrids, in solar mass:   90141743.682089642     
 Sanity check: fesc00 =   0.20833332836627960     
 Sanity check: fesc01 =   0.20000000000000001     
 Sanity check: fesc_sub =    1.0096969696969698     
 n_pastslice, nz_lwbegin           3           1
 m1,m2,m3         125         125         125
 m1,m2,m3         125         125         125
 m1,m2,m3         125         125         125
 after get_jLW, jlw(1,1,1)   3.0207491285100138E-023
 BOTH SUBSOURCES exist       72212
           1  sources have mass > 10^8 Msun
       72211  grids(!) have mass < 10^8 Msun
 sources merged
 niter           1
 ............
 sim_time, output_time   4.1626928264019378        4.1626928264019378     
 .............
 output redshift   29.198272923834814     
 .............
 actual_dt  0.31963572456076877     
 before output
 after output
 niter           1
 ............
 sim_time, output_time   4.4823285509627073        4.4823285509627073     
 .............
 output redshift   29.138839741430871     
 .............
 actual_dt  0.31963572456076877     
 before output
 after output
 niter           1
 ............
 sim_time, output_time   4.8019642755234750        4.8019642755234750     
 .............
 output redshift   29.079698124274415     
 .............
 actual_dt  0.31963572456076844     
 before output
 after output
 niter           1
 ............
 sim_time, output_time   5.1216000000842437        5.1216000000842437     
 .............
 output redshift   29.020845790520333     
 .............
 actual_dt  0.31963572456076844     
 before output
 after output
 niter           1
 ............
 sim_time, output_time   5.4412357246450123        5.4412357246450123     
 .............
 output redshift   28.962280482806609     
 .............
 actual_dt  0.31963572456076844     
 before output
 after output
 niter           1
 ............
 sim_time, output_time   5.7608714492057809        5.7608714492057809     
 .............
 output redshift   28.903999967920985     
 .............
 actual_dt  0.31963572456076844     
 before output
 after output
 inner loop finished
 photcons_flag:           0
 -------------------------------------
 Doing redshift:    28.904000000000000       to    28.559999999999999     
 -------------------------------------
 calling source
 zred_coarse =    27.899999999999999     
 zred =    28.904000000000000     
 sourcelistfile../sources/30.000-coarsened_sources.dat                                                                                                                                                                                                                                                                                                                                                                                                                                                                                         
 inside establish_number_of_active_sources
 restart           0
 ios=           0
 NumSrc0           1
 calling dens_ini zred, nz, nz0   28.904000000000000                4           1
 finishing dens_ini
 before agrid_prop, jlw(1,1,1)   3.0207491285100138E-023
 Inside AGrid_properties
 zred_now,  densNDcrit   28.904000000000000        1.1547819846894583     
 zred, densNDcrit   28.904000000000000        1.1189949459517485     
 Cell failing at (i,j,k)=           1           1           1
    xH =    6.0408724463639762E-011
    StillNeutral =   0.100000001    
    jLW   =    3.0207491285100138E-023
    jLWcrit_now =    4.9999999999999997E-023
    diff_subsrcMsun =    0.0000000000000000     

 Cell failing at (i,j,k)=           2           1           1
    xH =    6.2325800336687776E-011
    StillNeutral =   0.100000001    
    jLW   =    3.0149443709579537E-023
    jLWcrit_now =    4.9999999999999997E-023
    diff_subsrcMsun =    0.0000000000000000     

 Cell failing at (i,j,k)=           3           1           1
    xH =    6.1994979028839881E-011
    StillNeutral =   0.100000001    
    jLW   =    3.0134252008467522E-023
    jLWcrit_now =    4.9999999999999997E-023
    diff_subsrcMsun =    0.0000000000000000     

 Cell failing at (i,j,k)=           4           1           1
    xH =    6.3631519758161614E-011
    StillNeutral =   0.100000001    
    jLW   =    3.0205058160177234E-023
    jLWcrit_now =    4.9999999999999997E-023
    diff_subsrcMsun =    0.0000000000000000     

 Cell failing at (i,j,k)=           5           1           1
    xH =    7.3478498893025934E-011
    StillNeutral =   0.100000001    
    jLW   =    3.0686455028709091E-023
    jLWcrit_now =    4.9999999999999997E-023
    diff_subsrcMsun =    0.0000000000000000     

 Cell failing at (i,j,k)=           6           1           1
    xH =    7.9833166986842397E-011
    StillNeutral =   0.100000001    
    jLW   =    3.1773162887225676E-023
    jLWcrit_now =    4.9999999999999997E-023
    diff_subsrcMsun =    0.0000000000000000     

 Cell failing at (i,j,k)=           7           1           1
    xH =    8.6126076794285980E-002
    StillNeutral =   0.100000001    
    jLW   =    3.2556002958114746E-023
    jLWcrit_now =    4.9999999999999997E-023
    diff_subsrcMsun =    0.0000000000000000     

 Cell failing at (i,j,k)=           8           1           1
    xH =    9.0745972368411199E-011
    StillNeutral =   0.100000001    
    jLW   =    3.1216430510571390E-023
    jLWcrit_now =    4.9999999999999997E-023
    diff_subsrcMsun =    0.0000000000000000     

 Cell failing at (i,j,k)=           9           1           1
    xH =    6.8326760915837781E-011
    StillNeutral =   0.100000001    
    jLW   =    3.0334033031401087E-023
    jLWcrit_now =    4.9999999999999997E-023
    diff_subsrcMsun =    0.0000000000000000     

 Cell failing at (i,j,k)=          10           1           1
    xH =    7.2003710285817313E-011
    StillNeutral =   0.100000001    
    jLW   =    2.9883791646572861E-023
    jLWcrit_now =    4.9999999999999997E-023
    diff_subsrcMsun =    0.0000000000000000     

 Cell failing at (i,j,k)=          11           1           1
    xH =    7.6245321688206413E-011
    StillNeutral =   0.100000001    
    jLW   =    2.9662728342565487E-023
    jLWcrit_now =    4.9999999999999997E-023
    diff_subsrcMsun =    0.0000000000000000     

 Cell failing at (i,j,k)=          12           1           1
    xH =    6.4716389799185370E-011
    StillNeutral =   0.100000001    
    jLW   =    2.9392110452832219E-023
    jLWcrit_now =    4.9999999999999997E-023
    diff_subsrcMsun =    0.0000000000000000     

 Cell failing at (i,j,k)=          13           1           1
    xH =    7.0477961574416659E-011
    StillNeutral =   0.100000001    
    jLW   =    2.8439042070529215E-023
    jLWcrit_now =    4.9999999999999997E-023
    diff_subsrcMsun =    0.0000000000000000     

 Cell failing at (i,j,k)=          14           1           1
    xH =    6.9679963621976926E-011
    StillNeutral =   0.100000001    
    jLW   =    2.7734769348843837E-023
    jLWcrit_now =    4.9999999999999997E-023
    diff_subsrcMsun =    0.0000000000000000     

 Cell failing at (i,j,k)=          15           1           1
    xH =    7.6036487002550945E-011
    StillNeutral =   0.100000001    
    jLW   =    2.6663646237357685E-023
    jLWcrit_now =    4.9999999999999997E-023
    diff_subsrcMsun =    0.0000000000000000     

 Cell failing at (i,j,k)=          16           1           1
    xH =    8.0396586523562297E-011
    StillNeutral =   0.100000001    
    jLW   =    2.5909506748540436E-023
    jLWcrit_now =    4.9999999999999997E-023
    diff_subsrcMsun =    0.0000000000000000     

 Cell failing at (i,j,k)=          17           1           1
    xH =    6.4838100600345117E-011
    StillNeutral =   0.100000001    
    jLW   =    2.5422952055826782E-023
    jLWcrit_now =    4.9999999999999997E-023
    diff_subsrcMsun =    0.0000000000000000     

 Cell failing at (i,j,k)=          18           1           1
    xH =    6.9649827138390519E-011
    StillNeutral =   0.100000001    
    jLW   =    2.4816161511954258E-023
    jLWcrit_now =    4.9999999999999997E-023
    diff_subsrcMsun =    0.0000000000000000     

 Cell failing at (i,j,k)=          19           1           1
    xH =    6.5145625872953250E-011
    StillNeutral =   0.100000001    
    jLW   =    2.4340329181172299E-023
    jLWcrit_now =    4.9999999999999997E-023
    diff_subsrcMsun =    0.0000000000000000     

 Cell failing at (i,j,k)=          20           1           1
    xH =    7.8186161971832702E-011
    StillNeutral =   0.100000001    
    jLW   =    2.4121989454627864E-023
    jLWcrit_now =    4.9999999999999997E-023
    diff_subsrcMsun =    0.0000000000000000     

 Total xh_failing =        22321
 Total jLW_failing =            0
 Total diff_subsrcMsun_failing =      1836242
 NumAGrid =       116883
 Total =      1953125
  Total grids =      1953125
 almost final
 Number of active subgrids:      116883
 Total active stellar mass in subgrids, in solar mass:   417876521.24118418     
 Sanity check: fesc00 =   0.20833332836627960     
 Sanity check: fesc01 =   0.20000000000000001     
 Sanity check: fesc_sub =    1.0096969696969698     
 n_pastslice, nz_lwbegin           4           1
 m1,m2,m3         125         125         125
 m1,m2,m3         125         125         125
 m1,m2,m3         125         125         125
 m1,m2,m3         125         125         125
 after get_jLW, jlw(1,1,1)   2.5900886323972170E-023
 BOTH SUBSOURCES exist      116884
           1  sources have mass > 10^8 Msun
      116883  grids(!) have mass < 10^8 Msun
 sources merged
 niter           1
 ............
 sim_time, output_time   6.0806726755887599        6.0806726755887599     
 .............
 output redshift   28.845972078970028     
 .............
 actual_dt  0.31980122638297909     
 before output
 after output
 niter           1
 ............
 sim_time, output_time   6.4004739019717389        6.4004739019717389     
 .............
 output redshift   28.788224876886026     
 .............
 actual_dt  0.31980122638297909     
 before output
 after output
 niter           1
 ............
 sim_time, output_time   6.7202751283547180        6.7202751283547180     
 .............
 output redshift   28.730756195616959     
 .............
 actual_dt  0.31980122638297909     
 before output
 after output
 niter           1
 ............
 sim_time, output_time   7.0400763547376970        7.0400763547376970     
 .............
 output redshift   28.673563892028074     
 .............
 actual_dt  0.31980122638297909     
 before output
 after output
 niter           1
 ............
 sim_time, output_time   7.3598775811206760        7.3598775811206760     
 .............
 output redshift   28.616645845594238     
 .............
 actual_dt  0.31980122638297909     
 before output
 after output
 niter           1
 ............
 sim_time, output_time   7.6796788075036551        7.6796788075036551     
 .............
 output redshift   28.559999958097201     
 .............
 actual_dt  0.31980122638297909     
 before output
 after output
 inner loop finished
 photcons_flag:           0
 -------------------------------------
 Doing redshift:    28.559999999999999       to    28.225000000000001     
 -------------------------------------
 calling source
 zred_coarse =    27.899999999999999     
 zred =    28.559999999999999     
 sourcelistfile../sources/30.000-coarsened_sources.dat                                                                                                                                                                                                                                                                                                                                                                                                                                                                                         
 inside establish_number_of_active_sources
 restart           0
 ios=           0
 NumSrc0           1
 calling dens_ini zred, nz, nz0   28.559999999999999                5           1
 finishing dens_ini
 before agrid_prop, jlw(1,1,1)   2.5900886323972170E-023
 Inside AGrid_properties
 zred_now,  densNDcrit   28.559999999999999        1.1189949459517485     
 zred, densNDcrit   28.559999999999999        1.0843169582371710     
 Cell failing at (i,j,k)=           1           1           1
    xH =    7.9055740686423404E-011
    StillNeutral =   0.100000001    
    jLW   =    2.5900886323972170E-023
    jLWcrit_now =    4.9999999999999997E-023
    diff_subsrcMsun =    0.0000000000000000     

 Cell failing at (i,j,k)=           2           1           1
    xH =    8.1587133316657345E-011
    StillNeutral =   0.100000001    
    jLW   =    2.6191717513450756E-023
    jLWcrit_now =    4.9999999999999997E-023
    diff_subsrcMsun =    0.0000000000000000     

 Cell failing at (i,j,k)=           3           1           1
    xH =    8.1133230342422813E-011
    StillNeutral =   0.100000001    
    jLW   =    2.6552769783078119E-023
    jLWcrit_now =    4.9999999999999997E-023
    diff_subsrcMsun =    0.0000000000000000     

 Cell failing at (i,j,k)=           4           1           1
    xH =    8.3277672084658416E-011
    StillNeutral =   0.100000001    
    jLW   =    2.6791389254776849E-023
    jLWcrit_now =    4.9999999999999997E-023
    diff_subsrcMsun =    0.0000000000000000     

 Cell failing at (i,j,k)=           5           1           1
    xH =    9.6261109760326091E-011
    StillNeutral =   0.100000001    
    jLW   =    2.7301255186816057E-023
    jLWcrit_now =    4.9999999999999997E-023
    diff_subsrcMsun =    0.0000000000000000     

 Cell failing at (i,j,k)=           7           1           1
    xH =    8.6013872791540213E-002
    StillNeutral =   0.100000001    
    jLW   =    3.0099075174439289E-023
    jLWcrit_now =    4.9999999999999997E-023
    diff_subsrcMsun =    0.0000000000000000     

 Cell failing at (i,j,k)=           8           1           1
    xH =    1.1902160116858407E-010
    StillNeutral =   0.100000001    
    jLW   =    3.0553176971481543E-023
    jLWcrit_now =    4.9999999999999997E-023
    diff_subsrcMsun =    0.0000000000000000     

 Cell failing at (i,j,k)=           9           1           1
    xH =    8.9463068897455145E-011
    StillNeutral =   0.100000001    
    jLW   =    2.9321380297049842E-023
    jLWcrit_now =    4.9999999999999997E-023
    diff_subsrcMsun =    0.0000000000000000     

 Cell failing at (i,j,k)=          10           1           1
    xH =    9.4327552279532823E-011
    StillNeutral =   0.100000001    
    jLW   =    2.9212827537706540E-023
    jLWcrit_now =    4.9999999999999997E-023
    diff_subsrcMsun =    0.0000000000000000     

 Cell failing at (i,j,k)=          11           1           1
    xH =    9.9907181486114105E-011
    StillNeutral =   0.100000001    
    jLW   =    3.0234591237083011E-023
    jLWcrit_now =    4.9999999999999997E-023
    diff_subsrcMsun =    0.0000000000000000     

 Cell failing at (i,j,k)=          12           1           1
    xH =    8.4724722463486168E-011
    StillNeutral =   0.100000001    
    jLW   =    3.2234874587920674E-023
    jLWcrit_now =    4.9999999999999997E-023
    diff_subsrcMsun =    0.0000000000000000     

 Cell failing at (i,j,k)=          13           1           1
    xH =    9.2292312681152566E-011
    StillNeutral =   0.100000001    
    jLW   =    2.9498804831779170E-023
    jLWcrit_now =    4.9999999999999997E-023
    diff_subsrcMsun =    0.0000000000000000     

 Cell failing at (i,j,k)=          14           1           1
    xH =    9.1248375175267959E-011
    StillNeutral =   0.100000001    
    jLW   =    2.8426158371938267E-023
    jLWcrit_now =    4.9999999999999997E-023
    diff_subsrcMsun =    0.0000000000000000     

 Cell failing at (i,j,k)=          15           1           1
    xH =    9.9641057557664503E-011
    StillNeutral =   0.100000001    
    jLW   =    2.9296928885863804E-023
    jLWcrit_now =    4.9999999999999997E-023
    diff_subsrcMsun =    0.0000000000000000     

 Cell failing at (i,j,k)=          17           1           1
    xH =    8.4877841734221082E-011
    StillNeutral =   0.100000001    
    jLW   =    2.6754937524319091E-023
    jLWcrit_now =    4.9999999999999997E-023
    diff_subsrcMsun =    0.0000000000000000     

 Cell failing at (i,j,k)=          18           1           1
    xH =    9.1212639871662837E-011
    StillNeutral =   0.100000001    
    jLW   =    2.6971507938468145E-023
    jLWcrit_now =    4.9999999999999997E-023
    diff_subsrcMsun =    0.0000000000000000     

 Cell failing at (i,j,k)=          19           1           1
    xH =    8.5314246119072568E-011
    StillNeutral =   0.100000001    
    jLW   =    2.7726914622755009E-023
    jLWcrit_now =    4.9999999999999997E-023
    diff_subsrcMsun =    0.0000000000000000     

 Cell failing at (i,j,k)=          20           1           1
    xH =    1.0244759337738052E-010
    StillNeutral =   0.100000001    
    jLW   =    2.8292695740222825E-023
    jLWcrit_now =    4.9999999999999997E-023
    diff_subsrcMsun =    0.0000000000000000     

 Cell failing at (i,j,k)=          21           1           1
    xH =    7.8779651205285184E-011
    StillNeutral =   0.100000001    
    jLW   =    2.8491193350526293E-023
    jLWcrit_now =    4.9999999999999997E-023
    diff_subsrcMsun =    0.0000000000000000     

 Cell failing at (i,j,k)=          22           1           1
    xH =    8.9481968709725912E-011
    StillNeutral =   0.100000001    
    jLW   =    2.8576239602901403E-023
    jLWcrit_now =    4.9999999999999997E-023
    diff_subsrcMsun =    0.0000000000000000     

 Total xh_failing =        21653
 Total jLW_failing =          301
 Total diff_subsrcMsun_failing =      1802953
 NumAGrid =       150133
 Total =      1953086
  Total grids =      1953125
 almost final
 Number of active subgrids:      150133
 Total active stellar mass in subgrids, in solar mass:   477875657.81698644     
 Sanity check: fesc00 =   0.20833332836627960     
 Sanity check: fesc01 =   0.20000000000000001     
 Sanity check: fesc_sub =    1.0096969696969698     
 n_pastslice, nz_lwbegin           5           1
 m1,m2,m3         125         125         125
 m1,m2,m3         125         125         125
 m1,m2,m3         125         125         125
 m1,m2,m3         125         125         125
 m1,m2,m3         125         125         125
 after get_jLW, jlw(1,1,1)   2.7569775137667021E-023
 BOTH SUBSOURCES exist      150134
           1  sources have mass > 10^8 Msun
      150133  grids(!) have mass < 10^8 Msun
 sources merged
 niter           1
 ............
 sim_time, output_time   8.0001838413458888        8.0001838413458888     
 .............
 output redshift   28.503500379742157     
 .............
 actual_dt  0.32050503384223411     
 before output
 after output
 niter           1
 ............
 sim_time, output_time   8.3206888751881234        8.3206888751881234     
 .............
 output redshift   28.447270006144684     
 .............
 actual_dt  0.32050503384223411     
 before output
 after output
 niter           1
 ............
 sim_time, output_time   8.6411939090303580        8.6411939090303580     
 .............
 output redshift   28.391306790857644     
 .............
 actual_dt  0.32050503384223411     
 before output
 after output
 niter           1
 ............
 sim_time, output_time   8.9616989428725926        8.9616989428725926     
 .............
 output redshift   28.335608708763626     
 .............
 actual_dt  0.32050503384223411     
 before output
 after output
 niter           1
 ............
 sim_time, output_time   9.2822039767148272        9.2822039767148272     
 .............
 output redshift   28.280173755792752     
 .............
 actual_dt  0.32050503384223411     
 before output
 after output
 niter           1
 ............
 sim_time, output_time   9.6027090105570601        9.6027090105570601     
 .............
 output redshift   28.224999948645095     
 .............
 actual_dt  0.32050503384223411     
 before output
 after output
 inner loop finished
 photcons_flag:           0
 -------------------------------------
 Doing redshift:    28.225000000000001       to    27.899999999999999     
 -------------------------------------
 calling source
 zred_coarse =    27.899999999999999     
 zred =    28.225000000000001     
 sourcelistfile../sources/30.000-coarsened_sources.dat                                                                                                                                                                                                                                                                                                                                                                                                                                                                                         
 inside establish_number_of_active_sources
 restart           0
 ios=           0
 NumSrc0           1
 calling dens_ini zred, nz, nz0   28.225000000000001                6           1
 finishing dens_ini
 before agrid_prop, jlw(1,1,1)   2.7569775137667021E-023
 Inside AGrid_properties
 zred_now,  densNDcrit   28.225000000000001        1.0843169582371710     
 zred, densNDcrit   28.225000000000001        1.0507136517231503     
 Cell failing at (i,j,k)=           1           1           1
    xH =    9.7068735428057495E-011
    StillNeutral =   0.100000001    
    jLW   =    2.7569775137667021E-023
    jLWcrit_now =    4.9999999999999997E-023
    diff_subsrcMsun =    0.0000000000000000     

 Cell failing at (i,j,k)=           2           1           1
    xH =    1.0020439729710451E-010
    StillNeutral =   0.100000001    
    jLW   =    2.9144411404979583E-023
    jLWcrit_now =    4.9999999999999997E-023
    diff_subsrcMsun =    0.0000000000000000     

 Cell failing at (i,j,k)=           3           1           1
    xH =    9.9621518933473707E-011
    StillNeutral =   0.100000001    
    jLW   =    3.1328240952569602E-023
    jLWcrit_now =    4.9999999999999997E-023
    diff_subsrcMsun =    0.0000000000000000     

 Cell failing at (i,j,k)=           4           1           1
    xH =    1.0225790440104854E-010
    StillNeutral =   0.100000001    
    jLW   =    3.3600423550135964E-023
    jLWcrit_now =    4.9999999999999997E-023
    diff_subsrcMsun =    0.0000000000000000     

 Cell failing at (i,j,k)=           5           1           1
    xH =    1.1831772410778041E-010
    StillNeutral =   0.100000001    
    jLW   =    3.7999196857333142E-023
    jLWcrit_now =    4.9999999999999997E-023
    diff_subsrcMsun =    0.0000000000000000     

 Cell failing at (i,j,k)=           7           1           1
    xH =    8.5904926373180507E-002
    StillNeutral =   0.100000001    
    jLW   =    3.9451918167730734E-023
    jLWcrit_now =    4.9999999999999997E-023
    diff_subsrcMsun =    0.0000000000000000     

 Cell failing at (i,j,k)=           8           1           1
    xH =    1.4646275164897915E-010
    StillNeutral =   0.100000001    
    jLW   =    3.7668730952693684E-023
    jLWcrit_now =    4.9999999999999997E-023
    diff_subsrcMsun =    0.0000000000000000     

 Cell failing at (i,j,k)=           9           1           1
    xH =    1.0990241225763975E-010
    StillNeutral =   0.100000001    
    jLW   =    3.5992462276208274E-023
    jLWcrit_now =    4.9999999999999997E-023
    diff_subsrcMsun =    0.0000000000000000     

 Cell failing at (i,j,k)=          10           1           1
    xH =    1.1593929939365810E-010
    StillNeutral =   0.100000001    
    jLW   =    3.5709384501153752E-023
    jLWcrit_now =    4.9999999999999997E-023
    diff_subsrcMsun =    0.0000000000000000     

 Cell failing at (i,j,k)=          11           1           1
    xH =    1.2282525170548286E-010
    StillNeutral =   0.100000001    
    jLW   =    3.5609933661417314E-023
    jLWcrit_now =    4.9999999999999997E-023
    diff_subsrcMsun =    0.0000000000000000     

 Cell failing at (i,j,k)=          12           1           1
    xH =    1.0406794479986270E-010
    StillNeutral =   0.100000001    
    jLW   =    3.8361795002848703E-023
    jLWcrit_now =    4.9999999999999997E-023
    diff_subsrcMsun =    0.0000000000000000     

 Cell failing at (i,j,k)=          13           1           1
    xH =    1.1339337715327025E-010
    StillNeutral =   0.100000001    
    jLW   =    3.7025901504919932E-023
    jLWcrit_now =    4.9999999999999997E-023
    diff_subsrcMsun =    0.0000000000000000     

 Cell failing at (i,j,k)=          14           1           1
    xH =    1.1211204924491125E-010
    StillNeutral =   0.100000001    
    jLW   =    3.6710929349787656E-023
    jLWcrit_now =    4.9999999999999997E-023
    diff_subsrcMsun =    0.0000000000000000     

 Cell failing at (i,j,k)=          15           1           1
    xH =    1.2250723656001550E-010
    StillNeutral =   0.100000001    
    jLW   =    3.7325761802159969E-023
    jLWcrit_now =    4.9999999999999997E-023
    diff_subsrcMsun =    0.0000000000000000     

 Cell failing at (i,j,k)=          16           1           1
    xH =    1.4435503831644825E-002
    StillNeutral =   0.100000001    
    jLW   =    3.5230902575192829E-023
    jLWcrit_now =    4.9999999999999997E-023
    diff_subsrcMsun =    0.0000000000000000     

 Cell failing at (i,j,k)=          17           1           1
    xH =    1.0424844191017635E-010
    StillNeutral =   0.100000001    
    jLW   =    3.6413392339375583E-023
    jLWcrit_now =    4.9999999999999997E-023
    diff_subsrcMsun =    0.0000000000000000     

 Cell failing at (i,j,k)=          18           1           1
    xH =    1.1207268620083699E-010
    StillNeutral =   0.100000001    
    jLW   =    3.4157265392221190E-023
    jLWcrit_now =    4.9999999999999997E-023
    diff_subsrcMsun =    0.0000000000000000     

 Cell failing at (i,j,k)=          19           1           1
    xH =    1.0482566680999894E-010
    StillNeutral =   0.100000001    
    jLW   =    3.0767983797996504E-023
    jLWcrit_now =    4.9999999999999997E-023
    diff_subsrcMsun =    0.0000000000000000     

 Cell failing at (i,j,k)=          21           1           1
    xH =    9.6701867000059671E-011
    StillNeutral =   0.100000001    
    jLW   =    2.8375304030591027E-023
    jLWcrit_now =    4.9999999999999997E-023
    diff_subsrcMsun =    0.0000000000000000     

 Cell failing at (i,j,k)=          22           1           1
    xH =    1.0994497716756979E-010
    StillNeutral =   0.100000001    
    jLW   =    2.8597490190011390E-023
    jLWcrit_now =    4.9999999999999997E-023
    diff_subsrcMsun =    0.0000000000000000     

 Total xh_failing =        21011
 Total jLW_failing =           10
 Total diff_subsrcMsun_failing =      1771547
 NumAGrid =       181578
 Total =      1953125
  Total grids =      1953125
 almost final
 Number of active subgrids:      181578
 Total active stellar mass in subgrids, in solar mass:   532152549.26263100     
 Sanity check: fesc00 =   0.20833332836627960     
 Sanity check: fesc01 =   0.20000000000000001     
 Sanity check: fesc_sub =    1.0096969696969698     
 n_pastslice, nz_lwbegin           5           2
 m1,m2,m3         125         125         125
 m1,m2,m3         125         125         125
 m1,m2,m3         125         125         125
 m1,m2,m3         125         125         125
 m1,m2,m3         125         125         125
 after get_jLW, jlw(1,1,1)   3.9144670736493560E-023
 BOTH SUBSOURCES exist      181579
           1  sources have mass > 10^8 Msun
      181578  grids(!) have mass < 10^8 Msun
 sources merged
 niter           1
 ............
 sim_time, output_time   9.9225480945160403        9.9225480945160403     
 .............
 output redshift   28.170199159535731     
 .............
 actual_dt  0.31983908395897798     
 before output
 after output
 niter           1
 ............
 sim_time, output_time   10.242387178475019        10.242387178475019     
 .............
 output redshift   28.115654546978014     
 .............
 actual_dt  0.31983908395897798     
 before output
 after output
 niter           1
 ............
 sim_time, output_time   10.562226262433997        10.562226262433997     
 .............
 output redshift   28.061364200258311     
 .............
 actual_dt  0.31983908395897798     
 before output
 after output
 niter           1
 ............
 sim_time, output_time   10.882065346392977        10.882065346392977     
 .............
 output redshift   28.007326228203734     
 .............
 actual_dt  0.31983908395897798     
 before output
 after output
 niter           1
 ............
 sim_time, output_time   11.201904430351956        11.201904430351956     
 .............
 output redshift   27.953538758928552     
 .............
 actual_dt  0.31983908395897798     
 before output
 after output
 niter           1
 ............
 sim_time, output_time   11.521743514310934        11.521743514310934     
 .............
 output redshift   27.899999939584490     
 .............
 actual_dt  0.31983908395897798     
 before output
 after output
 inner loop finished
 photcons_flag:           0
 -------------------------------------
 Doing redshift:    27.899999999999999       to    27.584000000000000     
 -------------------------------------
 calling source
 zred_coarse =    27.899999999999999     
 zred =    27.899999999999999     
 sourcelistfile../sources/27.900-coarsened_sources.dat                                                                                                                                                                                                                                                                                                                                                                                                                                                                                         
 inside establish_number_of_active_sources
 restart           0
 ios=           0
 NumSrc0           1
 source props read. numsrc:           1
 calling dens_ini zred, nz, nz0   27.899999999999999                7           1
 finishing dens_ini
 before agrid_prop, jlw(1,1,1)   3.9144670736493560E-023
 Inside AGrid_properties
 zred_now,  densNDcrit   27.899999999999999        1.0507136517231503     
 zred, densNDcrit   27.899999999999999        1.0135831333340657     
 Cell failing at (i,j,k)=           1           1           1
    xH =    1.1440493431075227E-010
    StillNeutral =   0.100000001    
    jLW   =    3.9144670736493560E-023
    jLWcrit_now =    4.9999999999999997E-023
    diff_subsrcMsun =    0.0000000000000000     

 Cell failing at (i,j,k)=           2           1           1
    xH =    1.1813264038859628E-010
    StillNeutral =   0.100000001    
    jLW   =    4.0635760436718708E-023
    jLWcrit_now =    4.9999999999999997E-023
    diff_subsrcMsun =    0.0000000000000000     

 Cell failing at (i,j,k)=           3           1           1
    xH =    1.1741589124592000E-010
    StillNeutral =   0.100000001    
    jLW   =    4.0392745104540937E-023
    jLWcrit_now =    4.9999999999999997E-023
    diff_subsrcMsun =    0.0000000000000000     

 Cell failing at (i,j,k)=           4           1           1
    xH =    1.2052700287465412E-010
    StillNeutral =   0.100000001    
    jLW   =    3.9304999895200834E-023
    jLWcrit_now =    4.9999999999999997E-023
    diff_subsrcMsun =    0.0000000000000000     

 Cell failing at (i,j,k)=           5           1           1
    xH =    1.3959264430138396E-010
    StillNeutral =   0.100000001    
    jLW   =    4.0092481027088592E-023
    jLWcrit_now =    4.9999999999999997E-023
    diff_subsrcMsun =    0.0000000000000000     

 Cell failing at (i,j,k)=           6           1           1
    xH =    2.2249828487938439E-002
    StillNeutral =   0.100000001    
    jLW   =    3.8302955019369412E-023
    jLWcrit_now =    4.9999999999999997E-023
    diff_subsrcMsun =    0.0000000000000000     

 Cell failing at (i,j,k)=           7           1           1
    xH =    8.5799528311860329E-002
    StillNeutral =   0.100000001    
    jLW   =    3.9033492956707768E-023
    jLWcrit_now =    4.9999999999999997E-023
    diff_subsrcMsun =    0.0000000000000000     

 Cell failing at (i,j,k)=           8           1           1
    xH =    1.7299559527950148E-010
    StillNeutral =   0.100000001    
    jLW   =    3.8896895709706928E-023
    jLWcrit_now =    4.9999999999999997E-023
    diff_subsrcMsun =    0.0000000000000000     

 Cell failing at (i,j,k)=           9           1           1
    xH =    1.2959477284704701E-010
    StillNeutral =   0.100000001    
    jLW   =    3.8512891501232141E-023
    jLWcrit_now =    4.9999999999999997E-023
    diff_subsrcMsun =    0.0000000000000000     

 Cell failing at (i,j,k)=          10           1           1
    xH =    1.3678442840198146E-010
    StillNeutral =   0.100000001    
    jLW   =    3.6757399219429182E-023
    jLWcrit_now =    4.9999999999999997E-023
    diff_subsrcMsun =    0.0000000000000000     

 Cell failing at (i,j,k)=          12           1           1
    xH =    1.2269908526707507E-010
    StillNeutral =   0.100000001    
    jLW   =    3.7377881459937572E-023
    jLWcrit_now =    4.9999999999999997E-023
    diff_subsrcMsun =    0.0000000000000000     

 Cell failing at (i,j,k)=          13           1           1
    xH =    1.3372910591391562E-010
    StillNeutral =   0.100000001    
    jLW   =    3.7062674314732030E-023
    jLWcrit_now =    4.9999999999999997E-023
    diff_subsrcMsun =    0.0000000000000000     

 Cell failing at (i,j,k)=          14           1           1
    xH =    1.3221948796243721E-010
    StillNeutral =   0.100000001    
    jLW   =    3.6566885744266244E-023
    jLWcrit_now =    4.9999999999999997E-023
    diff_subsrcMsun =    0.0000000000000000     

 Cell failing at (i,j,k)=          16           1           1
    xH =    1.4433798719989413E-002
    StillNeutral =   0.100000001    
    jLW   =    3.5193126626184091E-023
    jLWcrit_now =    4.9999999999999997E-023
    diff_subsrcMsun =    0.0000000000000000     

 Cell failing at (i,j,k)=          17           1           1
    xH =    1.2290306706380649E-010
    StillNeutral =   0.100000001    
    jLW   =    3.5390315633398544E-023
    jLWcrit_now =    4.9999999999999997E-023
    diff_subsrcMsun =    0.0000000000000000     

 Cell failing at (i,j,k)=          18           1           1
    xH =    1.3217835463305572E-010
    StillNeutral =   0.100000001    
    jLW   =    3.6055799944718014E-023
    jLWcrit_now =    4.9999999999999997E-023
    diff_subsrcMsun =    0.0000000000000000     

 Cell failing at (i,j,k)=          19           1           1
    xH =    1.2363160538722551E-010
    StillNeutral =   0.100000001    
    jLW   =    3.6451880204523444E-023
    jLWcrit_now =    4.9999999999999997E-023
    diff_subsrcMsun =    0.0000000000000000     

 Cell failing at (i,j,k)=          20           1           1
    xH =    1.4016309633840374E-002
    StillNeutral =   0.100000001    
    jLW   =    3.3179200449681046E-023
    jLWcrit_now =    4.9999999999999997E-023
    diff_subsrcMsun =    0.0000000000000000     

 Cell failing at (i,j,k)=          21           1           1
    xH =    1.1394006614942609E-010
    StillNeutral =   0.100000001    
    jLW   =    3.5353203532036500E-023
    jLWcrit_now =    4.9999999999999997E-023
    diff_subsrcMsun =    0.0000000000000000     

 Cell failing at (i,j,k)=          22           1           1
    xH =    1.2966749722564952E-010
    StillNeutral =   0.100000001    
    jLW   =    3.3913371333012901E-023
    jLWcrit_now =    4.9999999999999997E-023
    diff_subsrcMsun =    0.0000000000000000     

 Total xh_failing =        20347
 Total jLW_failing =         3452
 Total diff_subsrcMsun_failing =      1732619
 NumAGrid =       220075
 Total =      1952694
  Total grids =      1953125
 almost final
 Number of active subgrids:      220075
 Total active stellar mass in subgrids, in solar mass:   410795395.42634124     
 Sanity check: fesc00 =   0.20833332836627960     
 Sanity check: fesc01 =   0.20000000000000001     
 Sanity check: fesc_sub =    1.0096969696969698     
 n_pastslice, nz_lwbegin           5           3
 m1,m2,m3         125         125         125
 m1,m2,m3         125         125         125
 m1,m2,m3         125         125         125
 m1,m2,m3         125         125         125
 m1,m2,m3         125         125         125
 after get_jLW, jlw(1,1,1)   3.4010811757082650E-023
 BOTH SUBSOURCES exist      220076
           1  sources have mass > 10^8 Msun
      220075  grids(!) have mass < 10^8 Msun
 sources merged
 niter           1
 ............
 sim_time, output_time   11.841467012330808        11.841467012330808     
 .............
 output redshift   27.846727150831420     
 .............
 actual_dt  0.31972349801987210     
 before output
 after output
 niter           1
 ............
 sim_time, output_time   12.161190510350680        12.161190510350680     
 .............
 output redshift   27.793699186049189     
 .............
 actual_dt  0.31972349801987210     
 before output
 after output
 niter           1
 ............
 sim_time, output_time   12.480914008370553        12.480914008370553     
 .............
 output redshift   27.740914249980751     
 .............
 actual_dt  0.31972349801987210     
 before output
 after output
 niter           1
 ............
 sim_time, output_time   12.800637506390427        12.800637506390427     
 .............
 output redshift   27.688370565420410     
 .............
 actual_dt  0.31972349801987210     
 before output
 after output
 niter           1
 ............
 sim_time, output_time   13.120361004410299        13.120361004410299     
 .............
 output redshift   27.636066372983429     
 .............
 actual_dt  0.31972349801987210     
 before output
 after output
 niter           1
 ............
 sim_time, output_time   13.440084502430171        13.440084502430171     
 .............
 output redshift   27.583999930879230     
 .............
 actual_dt  0.31972349801987210     
 before output
 after output
 inner loop finished
 photcons_flag:           0
 -------------------------------------
 Doing redshift:    27.584000000000000       to    27.276000000000000     
 -------------------------------------
 calling source
 zred_coarse =    26.123999999999999     
 zred =    27.584000000000000     
 sourcelistfile../sources/27.900-coarsened_sources.dat                                                                                                                                                                                                                                                                                                                                                                                                                                                                                         
 inside establish_number_of_active_sources
 restart           0
 ios=           0
 NumSrc0           1
 calling dens_ini zred, nz, nz0   27.584000000000000                8           1
 finishing dens_ini
 before agrid_prop, jlw(1,1,1)   3.4010811757082650E-023
 Inside AGrid_properties
 zred_now,  densNDcrit   27.584000000000000        1.0135831333340657     
 zred, densNDcrit   27.584000000000000       0.93057204092969903     
 Cell failing at (i,j,k)=           1           1           1
    xH =    1.3112846312252069E-010
    StillNeutral =   0.100000001    
    jLW   =    3.4010811757082650E-023
    jLWcrit_now =    4.9999999999999997E-023
    diff_subsrcMsun =    0.0000000000000000     

 Cell failing at (i,j,k)=           2           1           1
    xH =    1.3543745031735499E-010
    StillNeutral =   0.100000001    
    jLW   =    3.4242974508109385E-023
    jLWcrit_now =    4.9999999999999997E-023
    diff_subsrcMsun =    0.0000000000000000     

 Cell failing at (i,j,k)=           3           1           1
    xH =    1.3458211368250206E-010
    StillNeutral =   0.100000001    
    jLW   =    3.4419352542953726E-023
    jLWcrit_now =    4.9999999999999997E-023
    diff_subsrcMsun =    0.0000000000000000     

 Cell failing at (i,j,k)=           4           1           1
    xH =    1.3815240531428463E-010
    StillNeutral =   0.100000001    
    jLW   =    3.4735144155035262E-023
    jLWcrit_now =    4.9999999999999997E-023
    diff_subsrcMsun =    0.0000000000000000     

 Cell failing at (i,j,k)=           6           1           1
    xH =    2.2245557400697877E-002
    StillNeutral =   0.100000001    
    jLW   =    3.6086056938766055E-023
    jLWcrit_now =    4.9999999999999997E-023
    diff_subsrcMsun =    0.0000000000000000     

 Cell failing at (i,j,k)=           7           1           1
    xH =    8.5697320945629707E-002
    StillNeutral =   0.100000001    
    jLW   =    3.6625258572642176E-023
    jLWcrit_now =    4.9999999999999997E-023
    diff_subsrcMsun =    0.0000000000000000     

 Cell failing at (i,j,k)=           8           1           1
    xH =    1.9870970710891833E-010
    StillNeutral =   0.100000001    
    jLW   =    3.8247004918452084E-023
    jLWcrit_now =    4.9999999999999997E-023
    diff_subsrcMsun =    0.0000000000000000     

 Cell failing at (i,j,k)=           9           1           1
    xH =    1.4861152629677687E-010
    StillNeutral =   0.100000001    
    jLW   =    3.7506647820321049E-023
    jLWcrit_now =    4.9999999999999997E-023
    diff_subsrcMsun =    0.0000000000000000     

 Cell failing at (i,j,k)=          11           1           1
    xH =    9.0290362364433552E-003
    StillNeutral =   0.100000001    
    jLW   =    3.8508700360477042E-023
    jLWcrit_now =    4.9999999999999997E-023
    diff_subsrcMsun =    0.0000000000000000     

 Cell failing at (i,j,k)=          12           1           1
    xH =    1.4068603356939824E-010
    StillNeutral =   0.100000001    
    jLW   =    4.1231449658066842E-023
    jLWcrit_now =    4.9999999999999997E-023
    diff_subsrcMsun =    0.0000000000000000     

 Cell failing at (i,j,k)=          15           1           1
    xH =    9.2718618768339311E-003
    StillNeutral =   0.100000001    
    jLW   =    4.0359087785727039E-023
    jLWcrit_now =    4.9999999999999997E-023
    diff_subsrcMsun =    0.0000000000000000     

 Cell failing at (i,j,k)=          16           1           1
    xH =    1.4432148629917286E-002
    StillNeutral =   0.100000001    
    jLW   =    4.2673073748835551E-023
    jLWcrit_now =    4.9999999999999997E-023
    diff_subsrcMsun =    0.0000000000000000     

 Cell failing at (i,j,k)=          17           1           1
    xH =    1.4090989529716436E-010
    StillNeutral =   0.100000001    
    jLW   =    4.0747123970735181E-023
    jLWcrit_now =    4.9999999999999997E-023
    diff_subsrcMsun =    0.0000000000000000     

 Cell failing at (i,j,k)=          19           1           1
    xH =    1.4179969611699539E-010
    StillNeutral =   0.100000001    
    jLW   =    3.9404925230540441E-023
    jLWcrit_now =    4.9999999999999997E-023
    diff_subsrcMsun =    0.0000000000000000     

 Cell failing at (i,j,k)=          20           1           1
    xH =    1.4014815498356386E-002
    StillNeutral =   0.100000001    
    jLW   =    3.9494987567147240E-023
    jLWcrit_now =    4.9999999999999997E-023
    diff_subsrcMsun =    0.0000000000000000     

 Cell failing at (i,j,k)=          21           1           1
    xH =    1.3055875564688124E-010
    StillNeutral =   0.100000001    
    jLW   =    3.8910865913455165E-023
    jLWcrit_now =    4.9999999999999997E-023
    diff_subsrcMsun =    0.0000000000000000     

 Cell failing at (i,j,k)=          22           1           1
    xH =    1.4872050119185687E-010
    StillNeutral =   0.100000001    
    jLW   =    3.9404402381382884E-023
    jLWcrit_now =    4.9999999999999997E-023
    diff_subsrcMsun =    0.0000000000000000     

 Cell failing at (i,j,k)=          23           1           1
    xH =    1.3070767428471908E-010
    StillNeutral =   0.100000001    
    jLW   =    3.8525020857978936E-023
    jLWcrit_now =    4.9999999999999997E-023
    diff_subsrcMsun =    0.0000000000000000     

 Cell failing at (i,j,k)=          24           1           1
    xH =    1.3410092437535215E-010
    StillNeutral =   0.100000001    
    jLW   =    3.8832160682079992E-023
    jLWcrit_now =    4.9999999999999997E-023
    diff_subsrcMsun =    0.0000000000000000     

 Cell failing at (i,j,k)=          25           1           1
    xH =    1.4785512267648238E-010
    StillNeutral =   0.100000001    
    jLW   =    4.0982734303084773E-023
    jLWcrit_now =    4.9999999999999997E-023
    diff_subsrcMsun =    0.0000000000000000     

 Total xh_failing =        19680
 Total jLW_failing =           41
 Total diff_subsrcMsun_failing =      1439784
 NumAGrid =       513329
 Total =      1953113
  Total grids =      1953125
 almost final
 Number of active subgrids:      513329
 Total active stellar mass in subgrids, in solar mass:   421356613.48225695     
 Sanity check: fesc00 =   0.20833332836627960     
 Sanity check: fesc01 =   0.20000000000000001     
 Sanity check: fesc_sub =    1.0096969696969698     
 n_pastslice, nz_lwbegin           5           4
 m1,m2,m3         125         125         125
 m1,m2,m3         125         125         125
 m1,m2,m3         125         125         125
 m1,m2,m3         125         125         125
 m1,m2,m3         125         125         125
 after get_jLW, jlw(1,1,1)   4.0559257316045557E-023
 BOTH SUBSOURCES exist      513330
           1  sources have mass > 10^8 Msun
      513329  grids(!) have mass < 10^8 Msun
 sources merged
 niter           1
 ............
 sim_time, output_time   13.760333624293443        13.760333624293443     
 .............
 output redshift   27.532084499132619     
 .............
 actual_dt  0.32024912186327142     
 before output
 after output
 niter           1
 ............
 sim_time, output_time   14.080582746156715        14.080582746156715     
 .............
 output redshift   27.480404154303628     
 .............
 actual_dt  0.32024912186327142     
 before output
 after output
 niter           1
 ............
 sim_time, output_time   14.400831868019985        14.400831868019985     
 .............
 output redshift   27.428957197749064     
 .............
 actual_dt  0.32024912186327142     
 before output
 after output
 niter           1
 ............
 sim_time, output_time   14.721080989883257        14.721080989883257     
 .............
 output redshift   27.377741947656503     
 .............
 actual_dt  0.32024912186327142     
 before output
 after output
 niter           1
 ............
 sim_time, output_time   15.041330111746529        15.041330111746529     
 .............
 output redshift   27.326756738832568     
 .............
 actual_dt  0.32024912186327142     
 before output
 after output
 niter           1
 ............
 sim_time, output_time   15.361579233609801        15.361579233609801     
 .............
 output redshift   27.275999922494538     
 .............
 actual_dt  0.32024912186327142     
 before output
 after output
 inner loop finished
 photcons_flag:           0
 -------------------------------------
 Doing redshift:    27.276000000000000       to    26.977000000000000     
 -------------------------------------
 calling source
 zred_coarse =    26.123999999999999     
 zred =    27.276000000000000     
 sourcelistfile../sources/27.900-coarsened_sources.dat                                                                                                                                                                                                                                                                                                                                                                                                                                                                                         
 inside establish_number_of_active_sources
 restart           0
 ios=           0
 NumSrc0           1
 calling dens_ini zred, nz, nz0   27.276000000000000                9           1
 finishing dens_ini
 before agrid_prop, jlw(1,1,1)   4.0559257316045557E-023
 Inside AGrid_properties
 zred_now,  densNDcrit   27.276000000000000       0.93057204092969903     
 zred, densNDcrit   27.276000000000000       0.10002811167877801     
 Cell failing at (i,j,k)=           5           1           1
    xH =    3.1013993063363499E-003
    StillNeutral =   0.100000001    
    jLW   =    3.9050518967056844E-023
    jLWcrit_now =    4.9999999999999997E-023
    diff_subsrcMsun =    0.0000000000000000     

 Cell failing at (i,j,k)=           6           1           1
    xH =    2.2241415226319054E-002
    StillNeutral =   0.100000001    
    jLW   =    3.9190665715115207E-023
    jLWcrit_now =    4.9999999999999997E-023
    diff_subsrcMsun =    0.0000000000000000     

 Cell failing at (i,j,k)=           7           1           1
    xH =    8.5597959285508576E-002
    StillNeutral =   0.100000001    
    jLW   =    3.8733055658230674E-023
    jLWcrit_now =    4.9999999999999997E-023
    diff_subsrcMsun =    0.0000000000000000     

 Cell failing at (i,j,k)=           8           1           1
    xH =    2.2369208568795429E-010
    StillNeutral =   0.100000001    
    jLW   =    3.7492692248102312E-023
    jLWcrit_now =    4.9999999999999997E-023
    diff_subsrcMsun =    0.0000000000000000     

 Cell failing at (i,j,k)=          10           1           1
    xH =    2.3835384509640622E-003
    StillNeutral =   0.100000001    
    jLW   =    3.7299699732948571E-023
    jLWcrit_now =    4.9999999999999997E-023
    diff_subsrcMsun =    0.0000000000000000     

 Cell failing at (i,j,k)=          11           1           1
    xH =    9.0285435984306991E-003
    StillNeutral =   0.100000001    
    jLW   =    3.6261666420868434E-023
    jLWcrit_now =    4.9999999999999997E-023
    diff_subsrcMsun =    0.0000000000000000     

 Cell failing at (i,j,k)=          13           1           1
    xH =    1.5910583548528479E-003
    StillNeutral =   0.100000001    
    jLW   =    3.4129871531552518E-023
    jLWcrit_now =    4.9999999999999997E-023
    diff_subsrcMsun =    0.0000000000000000     

 Cell failing at (i,j,k)=          14           1           1
    xH =    1.7448267838567899E-003
    StillNeutral =   0.100000001    
    jLW   =    3.4147116988165830E-023
    jLWcrit_now =    4.9999999999999997E-023
    diff_subsrcMsun =    0.0000000000000000     

 Cell failing at (i,j,k)=          15           1           1
    xH =    9.2713360153664926E-003
    StillNeutral =   0.100000001    
    jLW   =    3.4453460762272973E-023
    jLWcrit_now =    4.9999999999999997E-023
    diff_subsrcMsun =    0.0000000000000000     

 Cell failing at (i,j,k)=          16           1           1
    xH =    1.4430547787113281E-002
    StillNeutral =   0.100000001    
    jLW   =    3.4534517417161601E-023
    jLWcrit_now =    4.9999999999999997E-023
    diff_subsrcMsun =    0.0000000000000000     

 Cell failing at (i,j,k)=          18           1           1
    xH =    2.2444953164982850E-003
    StillNeutral =   0.100000001    
    jLW   =    3.4376274651720743E-023
    jLWcrit_now =    4.9999999999999997E-023
    diff_subsrcMsun =    0.0000000000000000     

 Cell failing at (i,j,k)=          20           1           1
    xH =    1.4013367253633956E-002
    StillNeutral =   0.100000001    
    jLW   =    3.4984556026812023E-023
    jLWcrit_now =    4.9999999999999997E-023
    diff_subsrcMsun =    0.0000000000000000     

 Cell failing at (i,j,k)=          26           1           1
    xH =    1.2644263712972788E-002
    StillNeutral =   0.100000001    
    jLW   =    3.3806524596400106E-023
    jLWcrit_now =    4.9999999999999997E-023
    diff_subsrcMsun =    0.0000000000000000     

 Cell failing at (i,j,k)=          27           1           1
    xH =    1.1572223149321539E-002
    StillNeutral =   0.100000001    
    jLW   =    3.4100629772120029E-023
    jLWcrit_now =    4.9999999999999997E-023
    diff_subsrcMsun =    0.0000000000000000     

 Cell failing at (i,j,k)=          28           1           1
    xH =    7.6404217178305126E-003
    StillNeutral =   0.100000001    
    jLW   =    3.4247687439755821E-023
    jLWcrit_now =    4.9999999999999997E-023
    diff_subsrcMsun =    0.0000000000000000     

 Cell failing at (i,j,k)=          29           1           1
    xH =    6.7885276810702062E-003
    StillNeutral =   0.100000001    
    jLW   =    3.4157096923403946E-023
    jLWcrit_now =    4.9999999999999997E-023
    diff_subsrcMsun =    0.0000000000000000     

 Cell failing at (i,j,k)=          30           1           1
    xH =    2.4559512786848731E-002
    StillNeutral =   0.100000001    
    jLW   =    3.4680546964475586E-023
    jLWcrit_now =    4.9999999999999997E-023
    diff_subsrcMsun =    0.0000000000000000     

 Cell failing at (i,j,k)=          31           1           1
    xH =    3.2278199129025407E-003
    StillNeutral =   0.100000001    
    jLW   =    3.5298098302537845E-023
    jLWcrit_now =    4.9999999999999997E-023
    diff_subsrcMsun =    0.0000000000000000     

 Cell failing at (i,j,k)=          32           1           1
    xH =    2.5983262414286390E-003
    StillNeutral =   0.100000001    
    jLW   =    3.5291108203869363E-023
    jLWcrit_now =    4.9999999999999997E-023
    diff_subsrcMsun =    0.0000000000000000     

 Cell failing at (i,j,k)=          35           1           1
    xH =    3.1017651000125879E-003
    StillNeutral =   0.100000001    
    jLW   =    3.6234102896583025E-023
    jLWcrit_now =    4.9999999999999997E-023
    diff_subsrcMsun =    0.0000000000000000     

 Total xh_failing =        19046
 Total jLW_failing =            0
 Total diff_subsrcMsun_failing =      1411707
 NumAGrid =       541418
 Total =      1953125
  Total grids =      1953125
 almost final
 Number of active subgrids:      541418
 Total active stellar mass in subgrids, in solar mass:   363889513.88492095     
 Sanity check: fesc00 =   0.20833332836627960     
 Sanity check: fesc01 =   0.20000000000000001     
 Sanity check: fesc_sub =    1.0096969696969698     
 n_pastslice, nz_lwbegin           5           5
 m1,m2,m3         125         125         125
 m1,m2,m3         125         125         125
 m1,m2,m3         125         125         125
 m1,m2,m3         125         125         125
 m1,m2,m3         125         125         125
 after get_jLW, jlw(1,1,1)   3.1662353571899776E-023
 BOTH SUBSOURCES exist      541419
           1  sources have mass > 10^8 Msun
      541418  grids(!) have mass < 10^8 Msun
 sources merged
 niter           1
 ............
 sim_time, output_time   15.680924619978551        15.680924619978551     
 .............
 output redshift   27.225612143161840     
 .............
 actual_dt  0.31934538636875109     
 before output
 after output
 niter           1
 ............
 sim_time, output_time   16.000270006347304        16.000270006347304     
 .............
 output redshift   27.175448242764599     
 .............
 actual_dt  0.31934538636875109     
 before output
 after output
 niter           1
 ............
 sim_time, output_time   16.319615392716052        16.319615392716052     
 .............
 output redshift   27.125506633980649     
 .............
 actual_dt  0.31934538636875109     
 before output
 after output
 niter           1
 ............
 sim_time, output_time   16.638960779084805        16.638960779084805     
 .............
 output redshift   27.075785744921401     
 .............
 actual_dt  0.31934538636875109     
 before output
 after output
 niter           1
 ............
 sim_time, output_time   16.958306165453557        16.958306165453557     
 .............
 output redshift   27.026284018941361     
 .............
 actual_dt  0.31934538636875109     
 before output
 after output
 niter           1
 ............
 sim_time, output_time   17.277651551822306        17.277651551822306     
 .............
 output redshift   26.976999914450495     
 .............
 actual_dt  0.31934538636875109     
 before output
 after output
 inner loop finished
 photcons_flag:           0
 -------------------------------------
 Doing redshift:    26.977000000000000       to    26.684999999999999     
 -------------------------------------
 calling source
 zred_coarse =    26.123999999999999     
 zred =    26.977000000000000     
 sourcelistfile../sources/27.900-coarsened_sources.dat                                                                                                                                                                                                                                                                                                                                                                                                                                                                                         
 inside establish_number_of_active_sources
 restart           0
 ios=           0
 NumSrc0           1
 calling dens_ini zred, nz, nz0   26.977000000000000               10           1
 finishing dens_ini
 before agrid_prop, jlw(1,1,1)   3.1662353571899776E-023
 Inside AGrid_properties
 zred_now,  densNDcrit   26.977000000000000       0.10002811167877801     
 zred, densNDcrit   26.977000000000000       0.10002811167877801     
 Cell failing at (i,j,k)=           1           1           1
    xH =    2.4414648322694799E-003
    StillNeutral =   0.100000001    
    jLW   =    3.1662353571899776E-023
    jLWcrit_now =    4.9999999999999997E-023
    diff_subsrcMsun =    0.0000000000000000     

 Cell failing at (i,j,k)=           2           1           1
    xH =    2.3481346661632374E-003
    StillNeutral =   0.100000001    
    jLW   =    3.1205530024511864E-023
    jLWcrit_now =    4.9999999999999997E-023
    diff_subsrcMsun =    0.0000000000000000     

 Cell failing at (i,j,k)=           3           1           1
    xH =    2.4149002443700773E-003
    StillNeutral =   0.100000001    
    jLW   =    3.1127227708733543E-023
    jLWcrit_now =    4.9999999999999997E-023
    diff_subsrcMsun =    0.0000000000000000     

 Cell failing at (i,j,k)=           4           1           1
    xH =    2.2851587278216456E-003
    StillNeutral =   0.100000001    
    jLW   =    3.0820816981990622E-023
    jLWcrit_now =    4.9999999999999997E-023
    diff_subsrcMsun =    0.0000000000000000     

 Cell failing at (i,j,k)=           5           1           1
    xH =    3.1014005529611519E-003
    StillNeutral =   0.100000001    
    jLW   =    3.0630752830602963E-023
    jLWcrit_now =    4.9999999999999997E-023
    diff_subsrcMsun =    0.0000000000000000     

 Cell failing at (i,j,k)=           6           1           1
    xH =    2.2237413752668859E-002
    StillNeutral =   0.100000001    
    jLW   =    3.0009533809525904E-023
    jLWcrit_now =    4.9999999999999997E-023
    diff_subsrcMsun =    0.0000000000000000     

 Cell failing at (i,j,k)=           7           1           1
    xH =    8.5501738379860068E-002
    StillNeutral =   0.100000001    
    jLW   =    2.9949994768721374E-023
    jLWcrit_now =    4.9999999999999997E-023
    diff_subsrcMsun =    0.0000000000000000     

 Cell failing at (i,j,k)=           8           1           1
    xH =    2.4786838467155681E-010
    StillNeutral =   0.100000001    
    jLW   =    3.0643871245678339E-023
    jLWcrit_now =    4.9999999999999997E-023
    diff_subsrcMsun =    0.0000000000000000     

 Cell failing at (i,j,k)=           9           1           1
    xH =    2.6820326401705286E-003
    StillNeutral =   0.100000001    
    jLW   =    3.0961693644649613E-023
    jLWcrit_now =    4.9999999999999997E-023
    diff_subsrcMsun =    0.0000000000000000     

 Cell failing at (i,j,k)=          10           1           1
    xH =    2.3835538260947565E-003
    StillNeutral =   0.100000001    
    jLW   =    3.1973873990147052E-023
    jLWcrit_now =    4.9999999999999997E-023
    diff_subsrcMsun =    0.0000000000000000     

 Cell failing at (i,j,k)=          11           1           1
    xH =    9.0280678628437156E-003
    StillNeutral =   0.100000001    
    jLW   =    3.2880737463754628E-023
    jLWcrit_now =    4.9999999999999997E-023
    diff_subsrcMsun =    0.0000000000000000     

 Cell failing at (i,j,k)=          12           1           1
    xH =    3.6306614182736174E-003
    StillNeutral =   0.100000001    
    jLW   =    3.2608883552942784E-023
    jLWcrit_now =    4.9999999999999997E-023
    diff_subsrcMsun =    0.0000000000000000     

 Cell failing at (i,j,k)=          13           1           1
    xH =    1.5910786966957043E-003
    StillNeutral =   0.100000001    
    jLW   =    3.3696010461152841E-023
    jLWcrit_now =    4.9999999999999997E-023
    diff_subsrcMsun =    0.0000000000000000     

 Cell failing at (i,j,k)=          14           1           1
    xH =    1.7448466658086766E-003
    StillNeutral =   0.100000001    
    jLW   =    3.3918366837390537E-023
    jLWcrit_now =    4.9999999999999997E-023
    diff_subsrcMsun =    0.0000000000000000     

 Cell failing at (i,j,k)=          15           1           1
    xH =    9.2708280868297258E-003
    StillNeutral =   0.100000001    
    jLW   =    3.4375792281843505E-023
    jLWcrit_now =    4.9999999999999997E-023
    diff_subsrcMsun =    0.0000000000000000     

 Cell failing at (i,j,k)=          16           1           1
    xH =    1.4429000791687532E-002
    StillNeutral =   0.100000001    
    jLW   =    3.4843806216642935E-023
    jLWcrit_now =    4.9999999999999997E-023
    diff_subsrcMsun =    0.0000000000000000     

 Cell failing at (i,j,k)=          17           1           1
    xH =    3.6179178065195439E-003
    StillNeutral =   0.100000001    
    jLW   =    3.4282514290517217E-023
    jLWcrit_now =    4.9999999999999997E-023
    diff_subsrcMsun =    0.0000000000000000     

 Cell failing at (i,j,k)=          18           1           1
    xH =    2.2445117851631301E-003
    StillNeutral =   0.100000001    
    jLW   =    3.5429297272399962E-023
    jLWcrit_now =    4.9999999999999997E-023
    diff_subsrcMsun =    0.0000000000000000     

 Cell failing at (i,j,k)=          19           1           1
    xH =    3.4526626767180657E-003
    StillNeutral =   0.100000001    
    jLW   =    3.5330291455068358E-023
    jLWcrit_now =    4.9999999999999997E-023
    diff_subsrcMsun =    0.0000000000000000     

 Cell failing at (i,j,k)=          20           1           1
    xH =    1.4011968975311158E-002
    StillNeutral =   0.100000001    
    jLW   =    3.6437040798475821E-023
    jLWcrit_now =    4.9999999999999997E-023
    diff_subsrcMsun =    0.0000000000000000     

 Total xh_failing =        18405
 Total jLW_failing =            0
 Total diff_subsrcMsun_failing =      1953125
 NumAGrid =            0
 Total =      1953125
  Total grids =      1953125
 almost final
 Number of active subgrids:           0
 Total active stellar mass in subgrids, in solar mass:   0.0000000000000000     
 Sanity check: fesc00 =   0.20833332836627960     
 Sanity check: fesc01 =   0.20000000000000001     
 Sanity check: fesc_sub =    1.0096969696969698     
 n_pastslice, nz_lwbegin           5           6
 m1,m2,m3         125         125         125
 m1,m2,m3         125         125         125
 m1,m2,m3         125         125         125
 m1,m2,m3         125         125         125
 m1,m2,m3         125         125         125
 after get_jLW, jlw(1,1,1)   1.8837392331258461E-023
 sources merged
 niter           1
 ............
 sim_time, output_time   17.597864618260967        17.597864618260967     
 .............
 output redshift   26.927798877070959     
 .............
 actual_dt  0.32021306643865899     
 before output
 inner loop finished
 photcons_flag:           1
