 Which output streams do you want?
 Enter a mask for streams 1 through 7
 E.g. 1,0,1,0,0,0,0 means streams 1 and 3, but not 2, 4, 5, 6, 7
Enter initial temperature (K): Restart (y/n)? : Restart at midpoint (y/n)? : Number of starting slice(s): (1 number for no MH, 2 - fine and coarse -- for MH)Files with redshifts(fine, coarse): (minihalo-relevant redshifts, N-body redshifts) check Nzdata          68         210
 check zred -0.90000000000000002        20.000000000000000        30.0000000       27.8999996       26.1240005       24.5970001       23.2679996       22.1000004       21.0620003       20.1340008       19.2980003       18.5400009       17.8479996       17.2150002       16.6329994       16.0949993       15.5959997       15.1320000       14.6990004       14.2939997       13.9139996       13.5570002       13.2209997       12.9029999       12.6029997       12.3179998       12.0480003       11.7910004       11.5459995       11.3129997       11.0900002       10.8769999       10.6730003       10.4779997       10.2900000       10.1099997       9.93799973       9.77099991       9.61100006       9.45699978       9.30799961       9.16399956       9.02600002       8.89200020       8.76200008       8.63599968       8.51500034       8.39700031       8.28299999       8.17199993       8.06400013       7.96000004       7.85900021       7.76000023       7.66400003       7.57000017       7.48000002       7.39099979       7.30499983       7.22100019       7.13899994       7.05900002       6.98099995       6.90500021       6.82999992       6.75699997       6.68599987       6.61700010       6.54899979       6.48299980    
 .................
          68         210   30.0000000       6.48299980     -0.90000000000000002        20.000000000000000     
UV Luminosity recipe (0,1,2): Enter number of time steps between slices: Enter number of outputs between slices:  mesh(1),mesh(2),mesh(3)         125         125         125
 Size in X-direction =          125
 Size in Y-direction =          125
 Size in Z-direction =          125
 -------------------------------------
 Doing redshift:    30.000000000000000       to    27.899999999999999     
 -------------------------------------
 calling source
 sourcelistfile../sources/30.000-coarsened_sources.dat                                                                                                                                                                                                                                                                                                                                                                                                                                                                                         
 inside establish_number_of_active_sources
 restart           0
 ios=           0
 NumSrc0           1
 source props read. numsrc:           1
 calling dens_ini zred, nz, nz0   30.000000000000000                1           1
 finishing dens_ini
 before agrid_prop, jlw(1,1,1)   0.0000000000000000     
 Inside AGrid_properties
 zred_now,  densNDcrit   30.000000000000000        0.0000000000000000     
 zred, densNDcrit   30.000000000000000        1.2381505003664504     
 almost final
 Number of active subgrids:       64479
 Total active stellar mass in subgrids, in solar mass:   1622904770.9565344     
 Sanity check: fesc00 =   0.20833332836627960     
 Sanity check: fesc01 =   0.20000000000000001     
 Sanity check: fesc_sub =    1.0096969696969698     
 n_pastslice, nz_lwbegin           1           1
 m1,m2,m3         125         125         125
 after get_jLW, jlw(1,1,1)   2.0798395674534046E-024
 BOTH SUBSOURCES exist       64480
           1  sources have mass > 10^8 Msun
       64479  grids(!) have mass < 10^8 Msun
 sources merged
 niter           1
 ............
 sim_time, output_time   1.9202905857184884        1.9202905857184884     
 .............
 output redshift   29.623621893148460     
 .............
 actual_dt   1.9202905857184884     
 before output
 after output
 niter           1
 ............
 sim_time, output_time   3.8405811714369769        3.8405811714369769     
 .............
 output redshift   29.258463782982705     
 .............
 actual_dt   1.9202905857184884     
 before output
 after output
 niter           1
 ............
 sim_time, output_time   5.7608717571554653        5.7608717571554653     
 .............
 output redshift   28.903999911907711     
 .............
 actual_dt   1.9202905857184882     
 before output
 after output
 niter           1
 ............
 sim_time, output_time   7.6811623428739537        7.6811623428739537     
 .............
 output redshift   28.559737812764002     
 .............
 actual_dt   1.9202905857184884     
 before output
 after output
 niter           1
 ............
 sim_time, output_time   9.6014529285924421        9.6014529285924421     
 .............
 output redshift   28.225215671546074     
 .............
 actual_dt   1.9202905857184884     
 before output
 after output
 niter           1
 ............
 sim_time, output_time   11.521743514310931        11.521743514310931     
 .............
 output redshift   27.899999939584490     
 .............
 actual_dt   1.9202905857184878     
 before output
 after output
 inner loop finished
 photcons_flag:           0
 -------------------------------------
 Doing redshift:    27.899999999999999       to    26.123999999999999     
 -------------------------------------
 calling source
 calling dens_ini zred, nz, nz0   27.899999999999999                2           1
 finishing dens_ini
 before agrid_prop, jlw(1,1,1)   2.0798395674534046E-024
 Inside AGrid_properties
 zred_now,  densNDcrit   27.899999999999999        1.2381505003664504     
 zred, densNDcrit   27.899999999999999        1.0135831333340657     
 almost final
 Number of active subgrids:      777625
 Total active stellar mass in subgrids, in solar mass:   6135171227.0341244     
 Sanity check: fesc00 =   0.20833332836627960     
 Sanity check: fesc01 =   0.20000000000000001     
 Sanity check: fesc_sub =    1.0096969696969698     
 n_pastslice, nz_lwbegin           1           2
 m1,m2,m3         125         125         125
 after get_jLW, jlw(1,1,1)   8.8215940934619712E-024
 BOTH SUBSOURCES exist      842105
       64480  sources have mass > 10^8 Msun
      777625  grids(!) have mass < 10^8 Msun
 sources merged
 niter           1
 niter           2
 ............
 sim_time, output_time   13.440766869756084        13.440766869756084     
 .............
 output redshift   27.583889061506465     
 .............
 actual_dt   1.9190233554451543     
 before output
 after output
 niter           1
 niter           2
 ............
 sim_time, output_time   15.359790225201239        15.359790225201239     
 .............
 output redshift   27.276282834065810     
 .............
 actual_dt   1.9190233554451543     
 before output
 after output
 niter           1
 niter           2
 ............
 sim_time, output_time   17.278813580646393        17.278813580646393     
 .............
 output redshift   26.976820975761722     
 .............
 actual_dt   1.9190233554451543     
 before output
 after output
 niter           1
 niter           2
 ............
 sim_time, output_time   19.197836936091548        19.197836936091548     
 .............
 output redshift   26.685163863084462     
 .............
 actual_dt   1.9190233554451543     
 before output
 after output
 niter           1
 niter           2
